{"name":"sfdx","hostname":"DESKTOP-LQR7MO2","pid":11412,"log":"TelemetryReporter","level":40,"msg":"Connection to https://dc.services.visualstudio.com timed out after 1000 ms","time":"2020-08-04T22:15:16.446Z","v":0}
{"name":"sfdx","hostname":"DESKTOP-LQR7MO2","pid":100,"log":"TelemetryReporter","level":40,"msg":"Connection to https://dc.services.visualstudio.com timed out after 1000 ms","time":"2020-08-04T22:47:53.558Z","v":0}
{"name":"sfdx","hostname":"DESKTOP-LQR7MO2","pid":10308,"log":"TelemetryReporter","level":40,"msg":"Connection to https://dc.services.visualstudio.com timed out after 1000 ms","time":"2020-08-04T23:01:43.800Z","v":0}
{"name":"sfdx","hostname":"DESKTOP-LQR7MO2","pid":4828,"level":60,"errno":"EPIPE","code":"EPIPE","syscall":"write","msg":"","time":"2020-08-04T23:11:30.736Z","v":0}
{"name":"sfdx","hostname":"DESKTOP-LQR7MO2","pid":7840,"log":"SfdxProjectJson","level":40,"msg":"The config file: C:\\Users\\migue\\.sfdx\\sfdx-project.json is not schema valid\nDue to: Validation errors:\nshould have required property 'packageDirectories'","time":"2020-08-04T23:12:49.321Z","v":0}
{"name":"sfdx","hostname":"DESKTOP-LQR7MO2","pid":7840,"log":"SfdxProjectJson","level":40,"msg":"The config file: C:\\Users\\migue\\.sfdx\\sfdx-project.json is not schema valid\nDue to: Validation errors:\nshould have required property 'packageDirectories'","time":"2020-08-04T23:12:49.356Z","v":0}
{"name":"sfdx","hostname":"DESKTOP-LQR7MO2","pid":7840,"log":"SourceDeleteCommand","level":50,"msg":"[\n  'ERROR running force:source:delete: ',\n  'The delete operation failed in the org. Review the error messages below, delete any files locally if needed, and re-run the command if applicable.'\n]","time":"2020-08-04T23:12:49.396Z","v":0}
{"name":"sfdx","hostname":"DESKTOP-LQR7MO2","pid":11792,"log":"TelemetryReporter","level":40,"msg":"Connection to https://dc.services.visualstudio.com timed out after 1000 ms","time":"2020-08-04T23:12:53.319Z","v":0}
{"name":"sfdx","hostname":"DESKTOP-LQR7MO2","pid":11832,"log":"TelemetryReporter","level":40,"msg":"Connection to https://dc.services.visualstudio.com timed out after 1000 ms","time":"2020-08-04T23:26:39.868Z","v":0}
{"name":"sfdx","hostname":"DESKTOP-LQR7MO2","pid":17664,"log":"TelemetryReporter","level":40,"msg":"Connection to https://dc.services.visualstudio.com timed out after 1000 ms","time":"2020-08-05T15:11:01.943Z","v":0}
{"name":"sfdx","hostname":"DESKTOP-LQR7MO2","pid":16512,"log":"TelemetryReporter","level":40,"msg":"Connection to https://dc.services.visualstudio.com timed out after 1000 ms","time":"2020-08-05T15:36:58.573Z","v":0}
{"name":"sfdx","hostname":"DESKTOP-LQR7MO2","pid":14948,"log":"TelemetryReporter","level":40,"msg":"Connection to https://dc.services.visualstudio.com timed out after 1000 ms","time":"2020-08-05T15:37:30.614Z","v":0}
{"name":"sfdx","hostname":"DESKTOP-LQR7MO2","pid":7360,"log":"TelemetryReporter","level":40,"msg":"Connection to https://dc.services.visualstudio.com timed out after 1000 ms","time":"2020-08-05T15:38:04.949Z","v":0}
{"name":"sfdx","hostname":"DESKTOP-LQR7MO2","pid":7248,"log":"TelemetryReporter","level":40,"msg":"Connection to https://dc.services.visualstudio.com timed out after 1000 ms","time":"2020-08-05T15:41:16.986Z","v":0}
{"name":"sfdx","hostname":"DESKTOP-LQR7MO2","pid":2504,"log":"TelemetryReporter","level":40,"msg":"Connection to https://dc.services.visualstudio.com timed out after 1000 ms","time":"2020-08-05T15:41:18.189Z","v":0}
{"name":"sfdx","hostname":"DESKTOP-LQR7MO2","pid":2200,"log":"TelemetryReporter","level":40,"msg":"Connection to https://dc.services.visualstudio.com timed out after 1000 ms","time":"2020-08-05T15:42:14.666Z","v":0}
{"name":"sfdx","hostname":"DESKTOP-LQR7MO2","pid":13604,"log":"TelemetryReporter","level":40,"msg":"Connection to https://dc.services.visualstudio.com timed out after 1000 ms","time":"2020-08-05T15:42:38.936Z","v":0}
{"name":"sfdx","hostname":"DESKTOP-LQR7MO2","pid":10308,"log":"TelemetryReporter","level":40,"msg":"Connection to https://dc.services.visualstudio.com timed out after 1000 ms","time":"2020-08-05T15:56:36.749Z","v":0}
{"name":"sfdx","hostname":"DESKTOP-LQR7MO2","pid":17504,"log":"TelemetryReporter","level":40,"msg":"Connection to https://dc.services.visualstudio.com timed out after 1000 ms","time":"2020-08-05T15:58:01.879Z","v":0}
{"name":"sfdx","hostname":"DESKTOP-LQR7MO2","pid":12164,"log":"TelemetryReporter","level":40,"msg":"Connection to https://dc.services.visualstudio.com timed out after 1000 ms","time":"2020-08-05T16:04:40.253Z","v":0}
{"name":"sfdx","hostname":"DESKTOP-LQR7MO2","pid":15104,"log":"TelemetryReporter","level":40,"msg":"Connection to https://dc.services.visualstudio.com timed out after 1000 ms","time":"2020-08-05T16:05:29.623Z","v":0}
{"name":"sfdx","hostname":"DESKTOP-LQR7MO2","pid":524,"log":"TelemetryReporter","level":40,"msg":"Connection to https://dc.services.visualstudio.com timed out after 1000 ms","time":"2020-08-05T16:09:21.030Z","v":0}
{"name":"sfdx","hostname":"DESKTOP-LQR7MO2","pid":16848,"log":"TelemetryReporter","level":40,"msg":"Connection to https://dc.services.visualstudio.com timed out after 1000 ms","time":"2020-08-05T16:10:01.111Z","v":0}
{"name":"sfdx","hostname":"DESKTOP-LQR7MO2","pid":10844,"log":"TelemetryReporter","level":40,"msg":"Connection to https://dc.services.visualstudio.com timed out after 1000 ms","time":"2020-08-05T16:10:02.289Z","v":0}
{"name":"sfdx","hostname":"DESKTOP-LQR7MO2","pid":9432,"log":"TelemetryReporter","level":40,"msg":"Connection to https://dc.services.visualstudio.com timed out after 1000 ms","time":"2020-08-05T16:13:16.906Z","v":0}
{"name":"sfdx","hostname":"DESKTOP-LQR7MO2","pid":3232,"log":"TelemetryReporter","level":40,"msg":"Connection to https://dc.services.visualstudio.com timed out after 1000 ms","time":"2020-08-05T16:13:29.131Z","v":0}
{"name":"sfdx","hostname":"DESKTOP-LQR7MO2","pid":5084,"log":"TelemetryReporter","level":40,"msg":"Connection to https://dc.services.visualstudio.com timed out after 1000 ms","time":"2020-08-05T16:24:13.494Z","v":0}
{"name":"sfdx","hostname":"DESKTOP-LQR7MO2","pid":6264,"log":"TelemetryReporter","level":40,"msg":"Connection to https://dc.services.visualstudio.com timed out after 1000 ms","time":"2020-08-05T16:24:39.061Z","v":0}
{"name":"sfdx","hostname":"DESKTOP-LQR7MO2","pid":3368,"log":"TelemetryReporter","level":40,"msg":"Connection to https://dc.services.visualstudio.com timed out after 1000 ms","time":"2020-08-05T16:27:34.719Z","v":0}
{"name":"sfdx","hostname":"DESKTOP-LQR7MO2","pid":2000,"log":"TelemetryReporter","level":40,"msg":"Connection to https://dc.services.visualstudio.com timed out after 1000 ms","time":"2020-08-05T16:45:30.621Z","v":0}
{"name":"sfdx","hostname":"DESKTOP-LQR7MO2","pid":2380,"log":"TelemetryReporter","level":40,"msg":"Connection to https://dc.services.visualstudio.com timed out after 1000 ms","time":"2020-08-05T22:41:44.079Z","v":0}
{"name":"sfdx","hostname":"DESKTOP-LQR7MO2","pid":12148,"level":60,"errno":"EPIPE","code":"EPIPE","syscall":"write","msg":"","time":"2020-08-05T22:44:56.769Z","v":0}
{"name":"sfdx","hostname":"DESKTOP-LQR7MO2","pid":17268,"log":"TelemetryReporter","level":40,"msg":"Connection to https://dc.services.visualstudio.com timed out after 1000 ms","time":"2020-08-11T00:21:39.353Z","v":0}
{"name":"sfdx","hostname":"DESKTOP-LQR7MO2","pid":2000,"log":"TelemetryReporter","level":40,"msg":"Connection to https://dc.services.visualstudio.com timed out after 1000 ms","time":"2020-08-11T00:28:31.896Z","v":0}
{"name":"sfdx","hostname":"DESKTOP-LQR7MO2","pid":2464,"log":"TelemetryReporter","level":40,"msg":"Connection to https://dc.services.visualstudio.com timed out after 1000 ms","time":"2020-08-11T00:28:51.528Z","v":0}
{"name":"sfdx","hostname":"DESKTOP-LQR7MO2","pid":14812,"log":"TelemetryReporter","level":40,"msg":"Connection to https://dc.services.visualstudio.com timed out after 1000 ms","time":"2020-08-11T00:37:51.959Z","v":0}
{"name":"sfdx","hostname":"DESKTOP-LQR7MO2","pid":9204,"log":"TelemetryReporter","level":40,"msg":"Connection to https://dc.services.visualstudio.com timed out after 1000 ms","time":"2020-08-11T00:38:12.457Z","v":0}
{"name":"sfdx","hostname":"DESKTOP-LQR7MO2","pid":16124,"log":"TelemetryReporter","level":40,"msg":"Connection to https://dc.services.visualstudio.com timed out after 1000 ms","time":"2020-08-11T00:42:14.004Z","v":0}
{"name":"sfdx","hostname":"DESKTOP-LQR7MO2","pid":15420,"log":"TelemetryReporter","level":40,"msg":"Connection to https://dc.services.visualstudio.com timed out after 1000 ms","time":"2020-08-11T00:42:41.636Z","v":0}
{"name":"sfdx","hostname":"DESKTOP-LQR7MO2","pid":14108,"log":"TelemetryReporter","level":40,"msg":"Connection to https://dc.services.visualstudio.com timed out after 1000 ms","time":"2020-08-11T00:57:03.085Z","v":0}
{"name":"sfdx","hostname":"DESKTOP-LQR7MO2","pid":19204,"log":"TelemetryReporter","level":40,"msg":"Connection to https://dc.services.visualstudio.com timed out after 1000 ms","time":"2020-08-11T00:57:14.908Z","v":0}
{"name":"sfdx","hostname":"DESKTOP-LQR7MO2","pid":16832,"log":"TelemetryReporter","level":40,"msg":"Connection to https://dc.services.visualstudio.com timed out after 1000 ms","time":"2020-08-11T01:17:22.832Z","v":0}
{"name":"sfdx","hostname":"DESKTOP-LQR7MO2","pid":4428,"log":"TelemetryReporter","level":40,"msg":"Connection to https://dc.services.visualstudio.com timed out after 1000 ms","time":"2020-08-11T01:21:04.769Z","v":0}
{"name":"sfdx","hostname":"DESKTOP-LQR7MO2","pid":15936,"log":"TelemetryReporter","level":40,"msg":"Connection to https://dc.services.visualstudio.com timed out after 1000 ms","time":"2020-08-12T16:46:39.702Z","v":0}
{"name":"sfdx","hostname":"DESKTOP-LQR7MO2","pid":3768,"level":60,"msg":"","time":"2020-08-19T18:07:08.181Z","v":0}
{"name":"sfdx","hostname":"DESKTOP-LQR7MO2","pid":32,"level":60,"msg":"","time":"2020-08-19T20:22:30.994Z","v":0}
{"name":"sfdx","hostname":"DESKTOP-LQR7MO2","pid":5488,"level":60,"msg":"","time":"2020-08-19T22:06:13.120Z","v":0}
{"name":"sfdx","hostname":"DESKTOP-LQR7MO2","pid":21868,"log":"SfdxProjectJson","level":40,"msg":"The config file: C:\\Users\\migue\\.sfdx\\sfdx-project.json is not schema valid\nDue to: Validation errors:\nshould have required property 'packageDirectories'","time":"2020-08-19T22:58:02.112Z","v":0}
{"name":"sfdx","hostname":"DESKTOP-LQR7MO2","pid":21868,"log":"SfdxProjectJson","level":40,"msg":"The config file: C:\\Users\\migue\\.sfdx\\sfdx-project.json is not schema valid\nDue to: Validation errors:\nshould have required property 'packageDirectories'","time":"2020-08-19T22:58:02.141Z","v":0}
{"name":"sfdx","hostname":"DESKTOP-LQR7MO2","pid":12000,"log":"SfdxProjectJson","level":40,"msg":"The config file: C:\\Users\\migue\\.sfdx\\sfdx-project.json is not schema valid\nDue to: Validation errors:\nshould have required property 'packageDirectories'","time":"2020-08-19T23:08:47.706Z","v":0}
{"name":"sfdx","hostname":"DESKTOP-LQR7MO2","pid":12000,"log":"SfdxProjectJson","level":40,"msg":"The config file: C:\\Users\\migue\\.sfdx\\sfdx-project.json is not schema valid\nDue to: Validation errors:\nshould have required property 'packageDirectories'","time":"2020-08-19T23:08:47.745Z","v":0}
{"name":"sfdx","hostname":"DESKTOP-LQR7MO2","pid":10248,"log":"TelemetryReporter","level":40,"msg":"Connection to https://dc.services.visualstudio.com timed out after 1000 ms","time":"2020-08-20T01:53:26.891Z","v":0}
{"name":"sfdx","hostname":"DESKTOP-LQR7MO2","pid":7584,"log":"SfdxProjectJson","level":40,"msg":"The config file: C:\\Users\\migue\\.sfdx\\sfdx-project.json is not schema valid\nDue to: Validation errors:\nshould have required property 'packageDirectories'","time":"2020-08-20T02:26:11.274Z","v":0}
{"name":"sfdx","hostname":"DESKTOP-LQR7MO2","pid":7584,"log":"SfdxProjectJson","level":40,"msg":"The config file: C:\\Users\\migue\\.sfdx\\sfdx-project.json is not schema valid\nDue to: Validation errors:\nshould have required property 'packageDirectories'","time":"2020-08-20T02:26:11.295Z","v":0}
{"name":"sfdx","hostname":"DESKTOP-LQR7MO2","pid":6424,"log":"SfdxProjectJson","level":40,"msg":"The config file: C:\\Users\\migue\\.sfdx\\sfdx-project.json is not schema valid\nDue to: Validation errors:\nshould have required property 'packageDirectories'","time":"2020-08-20T02:40:56.511Z","v":0}
{"name":"sfdx","hostname":"DESKTOP-LQR7MO2","pid":6424,"log":"SfdxProjectJson","level":40,"msg":"The config file: C:\\Users\\migue\\.sfdx\\sfdx-project.json is not schema valid\nDue to: Validation errors:\nshould have required property 'packageDirectories'","time":"2020-08-20T02:40:56.525Z","v":0}
{"name":"sfdx","hostname":"DESKTOP-LQR7MO2","pid":11000,"log":"SfdxProjectJson","level":40,"msg":"The config file: C:\\Users\\migue\\.sfdx\\sfdx-project.json is not schema valid\nDue to: Validation errors:\nshould have required property 'packageDirectories'","time":"2020-08-20T03:16:44.127Z","v":0}
{"name":"sfdx","hostname":"DESKTOP-LQR7MO2","pid":11000,"log":"SfdxProjectJson","level":40,"msg":"The config file: C:\\Users\\migue\\.sfdx\\sfdx-project.json is not schema valid\nDue to: Validation errors:\nshould have required property 'packageDirectories'","time":"2020-08-20T03:16:44.140Z","v":0}
{"name":"sfdx","hostname":"DESKTOP-LQR7MO2","pid":7888,"log":"TelemetryReporter","level":40,"msg":"Connection to https://dc.services.visualstudio.com timed out after 1000 ms","time":"2020-08-20T13:20:01.667Z","v":0}
{"name":"sfdx","hostname":"DESKTOP-LQR7MO2","pid":3488,"level":60,"msg":"","time":"2020-08-20T13:20:02.234Z","v":0}
{"name":"sfdx","hostname":"DESKTOP-LQR7MO2","pid":11472,"log":"SfdxProjectJson","level":40,"msg":"The config file: C:\\Users\\migue\\.sfdx\\sfdx-project.json is not schema valid\nDue to: Validation errors:\nshould have required property 'packageDirectories'","time":"2020-08-20T13:26:31.495Z","v":0}
{"name":"sfdx","hostname":"DESKTOP-LQR7MO2","pid":11472,"log":"SfdxProjectJson","level":40,"msg":"The config file: C:\\Users\\migue\\.sfdx\\sfdx-project.json is not schema valid\nDue to: Validation errors:\nshould have required property 'packageDirectories'","time":"2020-08-20T13:26:31.508Z","v":0}
{"name":"sfdx","hostname":"DESKTOP-LQR7MO2","pid":13468,"log":"SfdxProjectJson","level":40,"msg":"The config file: C:\\Users\\migue\\.sfdx\\sfdx-project.json is not schema valid\nDue to: Validation errors:\nshould have required property 'packageDirectories'","time":"2020-08-20T13:28:14.412Z","v":0}
{"name":"sfdx","hostname":"DESKTOP-LQR7MO2","pid":13468,"log":"SfdxProjectJson","level":40,"msg":"The config file: C:\\Users\\migue\\.sfdx\\sfdx-project.json is not schema valid\nDue to: Validation errors:\nshould have required property 'packageDirectories'","time":"2020-08-20T13:28:14.450Z","v":0}
{"name":"sfdx","hostname":"DESKTOP-LQR7MO2","pid":19948,"log":"SfdxProjectJson","level":40,"msg":"The config file: C:\\Users\\migue\\.sfdx\\sfdx-project.json is not schema valid\nDue to: Validation errors:\nshould have required property 'packageDirectories'","time":"2020-08-20T13:48:19.569Z","v":0}
{"name":"sfdx","hostname":"DESKTOP-LQR7MO2","pid":19948,"log":"SfdxProjectJson","level":40,"msg":"The config file: C:\\Users\\migue\\.sfdx\\sfdx-project.json is not schema valid\nDue to: Validation errors:\nshould have required property 'packageDirectories'","time":"2020-08-20T13:48:19.614Z","v":0}
{"name":"sfdx","hostname":"DESKTOP-LQR7MO2","pid":19600,"log":"SfdxProjectJson","level":40,"msg":"The config file: C:\\Users\\migue\\.sfdx\\sfdx-project.json is not schema valid\nDue to: Validation errors:\nshould have required property 'packageDirectories'","time":"2020-08-20T13:51:11.719Z","v":0}
{"name":"sfdx","hostname":"DESKTOP-LQR7MO2","pid":19600,"log":"SfdxProjectJson","level":40,"msg":"The config file: C:\\Users\\migue\\.sfdx\\sfdx-project.json is not schema valid\nDue to: Validation errors:\nshould have required property 'packageDirectories'","time":"2020-08-20T13:51:11.738Z","v":0}
{"name":"sfdx","hostname":"DESKTOP-LQR7MO2","pid":4660,"log":"SfdxProjectJson","level":40,"msg":"The config file: C:\\Users\\migue\\.sfdx\\sfdx-project.json is not schema valid\nDue to: Validation errors:\nshould have required property 'packageDirectories'","time":"2020-08-20T14:02:15.093Z","v":0}
{"name":"sfdx","hostname":"DESKTOP-LQR7MO2","pid":4660,"log":"SfdxProjectJson","level":40,"msg":"The config file: C:\\Users\\migue\\.sfdx\\sfdx-project.json is not schema valid\nDue to: Validation errors:\nshould have required property 'packageDirectories'","time":"2020-08-20T14:02:15.110Z","v":0}
{"name":"sfdx","hostname":"DESKTOP-LQR7MO2","pid":17984,"log":"SfdxProjectJson","level":40,"msg":"The config file: C:\\Users\\migue\\.sfdx\\sfdx-project.json is not schema valid\nDue to: Validation errors:\nshould have required property 'packageDirectories'","time":"2020-08-20T14:05:38.592Z","v":0}
{"name":"sfdx","hostname":"DESKTOP-LQR7MO2","pid":17984,"log":"SfdxProjectJson","level":40,"msg":"The config file: C:\\Users\\migue\\.sfdx\\sfdx-project.json is not schema valid\nDue to: Validation errors:\nshould have required property 'packageDirectories'","time":"2020-08-20T14:05:38.610Z","v":0}
{"name":"sfdx","hostname":"DESKTOP-LQR7MO2","pid":21644,"log":"SfdxProjectJson","level":40,"msg":"The config file: C:\\Users\\migue\\.sfdx\\sfdx-project.json is not schema valid\nDue to: Validation errors:\nshould have required property 'packageDirectories'","time":"2020-08-20T14:10:11.954Z","v":0}
{"name":"sfdx","hostname":"DESKTOP-LQR7MO2","pid":21644,"log":"SfdxProjectJson","level":40,"msg":"The config file: C:\\Users\\migue\\.sfdx\\sfdx-project.json is not schema valid\nDue to: Validation errors:\nshould have required property 'packageDirectories'","time":"2020-08-20T14:10:11.966Z","v":0}
{"name":"sfdx","hostname":"DESKTOP-LQR7MO2","pid":21644,"log":"SourceDeployCommand","level":50,"msg":"[\n  '\\u001b[1mERROR running force:source:deploy: \\u001b[22m',\n  '\\u001b[31mMissing one of the following parameters: manifest metadata sourcepath validateddeployrequestid\\u001b[39m'\n]","time":"2020-08-20T14:10:11.997Z","v":0}
{"name":"sfdx","hostname":"DESKTOP-LQR7MO2","pid":9032,"log":"SfdxProjectJson","level":40,"msg":"The config file: C:\\Users\\migue\\.sfdx\\sfdx-project.json is not schema valid\nDue to: Validation errors:\nshould have required property 'packageDirectories'","time":"2020-08-20T14:10:18.919Z","v":0}
{"name":"sfdx","hostname":"DESKTOP-LQR7MO2","pid":9032,"log":"SfdxProjectJson","level":40,"msg":"The config file: C:\\Users\\migue\\.sfdx\\sfdx-project.json is not schema valid\nDue to: Validation errors:\nshould have required property 'packageDirectories'","time":"2020-08-20T14:10:18.929Z","v":0}
{"name":"sfdx","hostname":"DESKTOP-LQR7MO2","pid":9032,"log":"MdapiDeployCommand","level":50,"msg":"[\n  '\\u001b[1mERROR running force:mdapi:deploy: \\u001b[22m',\n  '\\u001b[31mA required parameter [deploydir|zipfile|validateddeployrequestid] is missing.\\u001b[39m'\n]","time":"2020-08-20T14:10:18.942Z","v":0}
{"name":"sfdx","hostname":"DESKTOP-LQR7MO2","pid":5900,"log":"SfdxProjectJson","level":40,"msg":"The config file: C:\\Users\\migue\\.sfdx\\sfdx-project.json is not schema valid\nDue to: Validation errors:\nshould have required property 'packageDirectories'","time":"2020-08-20T14:10:22.214Z","v":0}
{"name":"sfdx","hostname":"DESKTOP-LQR7MO2","pid":5900,"log":"SfdxProjectJson","level":40,"msg":"The config file: C:\\Users\\migue\\.sfdx\\sfdx-project.json is not schema valid\nDue to: Validation errors:\nshould have required property 'packageDirectories'","time":"2020-08-20T14:10:22.225Z","v":0}
{"name":"sfdx","hostname":"DESKTOP-LQR7MO2","pid":5900,"log":"MdapiDeployCommand","level":50,"msg":"[\n  '\\u001b[1mERROR running force:mdapi:deploy: \\u001b[22m',\n  '\\u001b[31mA required parameter [deploydir|zipfile|validateddeployrequestid] is missing.\\u001b[39m'\n]","time":"2020-08-20T14:10:22.238Z","v":0}
{"name":"sfdx","hostname":"DESKTOP-LQR7MO2","pid":16692,"log":"SfdxProjectJson","level":40,"msg":"The config file: C:\\Users\\migue\\.sfdx\\sfdx-project.json is not schema valid\nDue to: Validation errors:\nshould have required property 'packageDirectories'","time":"2020-08-20T14:10:44.343Z","v":0}
{"name":"sfdx","hostname":"DESKTOP-LQR7MO2","pid":16692,"log":"SfdxProjectJson","level":40,"msg":"The config file: C:\\Users\\migue\\.sfdx\\sfdx-project.json is not schema valid\nDue to: Validation errors:\nshould have required property 'packageDirectories'","time":"2020-08-20T14:10:44.362Z","v":0}
{"name":"sfdx","hostname":"DESKTOP-LQR7MO2","pid":16692,"log":"SourceDeployCommand","level":50,"msg":"[\n  '\\u001b[1mERROR running force:source:deploy: \\u001b[22m',\n  '\\u001b[31mMissing one of the following parameters: manifest metadata sourcepath validateddeployrequestid\\u001b[39m'\n]","time":"2020-08-20T14:10:44.381Z","v":0}
{"name":"sfdx","hostname":"DESKTOP-LQR7MO2","pid":19448,"log":"SfdxProjectJson","level":40,"msg":"The config file: C:\\Users\\migue\\.sfdx\\sfdx-project.json is not schema valid\nDue to: Validation errors:\nshould have required property 'packageDirectories'","time":"2020-08-20T14:12:09.435Z","v":0}
{"name":"sfdx","hostname":"DESKTOP-LQR7MO2","pid":19448,"log":"SfdxProjectJson","level":40,"msg":"The config file: C:\\Users\\migue\\.sfdx\\sfdx-project.json is not schema valid\nDue to: Validation errors:\nshould have required property 'packageDirectories'","time":"2020-08-20T14:12:09.467Z","v":0}
{"name":"sfdx","hostname":"DESKTOP-LQR7MO2","pid":5576,"log":"SfdxProjectJson","level":40,"msg":"The config file: C:\\Users\\migue\\.sfdx\\sfdx-project.json is not schema valid\nDue to: Validation errors:\nshould have required property 'packageDirectories'","time":"2020-08-20T14:12:42.221Z","v":0}
{"name":"sfdx","hostname":"DESKTOP-LQR7MO2","pid":5576,"log":"SfdxProjectJson","level":40,"msg":"The config file: C:\\Users\\migue\\.sfdx\\sfdx-project.json is not schema valid\nDue to: Validation errors:\nshould have required property 'packageDirectories'","time":"2020-08-20T14:12:42.232Z","v":0}
{"name":"sfdx","hostname":"DESKTOP-LQR7MO2","pid":5576,"log":"SourceDeployCommand","level":50,"msg":"[\n  '\\u001b[1mERROR running force:source:deploy: \\u001b[22m',\n  '\\u001b[31mNo org configuration found for name MyProductionOrg\\u001b[39m'\n]","time":"2020-08-20T14:12:42.248Z","v":0}
{"name":"sfdx","hostname":"DESKTOP-LQR7MO2","pid":17312,"log":"SfdxProjectJson","level":40,"msg":"The config file: C:\\Users\\migue\\.sfdx\\sfdx-project.json is not schema valid\nDue to: Validation errors:\nshould have required property 'packageDirectories'","time":"2020-08-20T14:13:19.356Z","v":0}
{"name":"sfdx","hostname":"DESKTOP-LQR7MO2","pid":17312,"log":"SfdxProjectJson","level":40,"msg":"The config file: C:\\Users\\migue\\.sfdx\\sfdx-project.json is not schema valid\nDue to: Validation errors:\nshould have required property 'packageDirectories'","time":"2020-08-20T14:13:19.366Z","v":0}
{"name":"sfdx","hostname":"DESKTOP-LQR7MO2","pid":17312,"log":"SourceDeployCommand","level":50,"msg":"[\n  '\\u001b[1mERROR running force:source:deploy: \\u001b[22m',\n  '\\u001b[31mNo org configuration found for name vsCodeOg\\u001b[39m'\n]","time":"2020-08-20T14:13:19.381Z","v":0}
{"name":"sfdx","hostname":"wise-goat-wwqaj2-dev-ed.my.salesforce.com","pid":18944,"log":"connection","level":50,"errno":"ENOTFOUND","code":"ENOTFOUND","syscall":"getaddrinfo","msg":"","time":"2020-08-20T14:13:31.886Z","v":0}
{"name":"sfdx","hostname":"DESKTOP-LQR7MO2","pid":18944,"log":"connection","level":40,"msg":"[\n  'Failed to set the latest API version:',\n  {\n    errno: 'ENOTFOUND',\n    code: 'ENOTFOUND',\n    syscall: 'getaddrinfo',\n    hostname: 'wise-goat-wwqaj2-dev-ed.my.salesforce.com'\n  }\n]","time":"2020-08-20T14:13:31.891Z","v":0}
{"name":"sfdx","hostname":"DESKTOP-LQR7MO2","pid":18812,"log":"SfdxProjectJson","level":40,"msg":"The config file: C:\\Users\\migue\\.sfdx\\sfdx-project.json is not schema valid\nDue to: Validation errors:\nshould have required property 'packageDirectories'","time":"2020-08-20T14:14:11.816Z","v":0}
{"name":"sfdx","hostname":"DESKTOP-LQR7MO2","pid":18812,"log":"SfdxProjectJson","level":40,"msg":"The config file: C:\\Users\\migue\\.sfdx\\sfdx-project.json is not schema valid\nDue to: Validation errors:\nshould have required property 'packageDirectories'","time":"2020-08-20T14:14:11.828Z","v":0}
{"name":"sfdx","hostname":"DESKTOP-LQR7MO2","pid":18812,"log":"AuthWebLoginCommand","level":50,"msg":"[\n  'ERROR running force:auth:web:login: ',\n  'Cannot start the OAuth redirect server on port PortInUseAction.',\n  '\\n\\nTry this:',\n  '\\n' +\n    'Kill the process running on port 1717 or use a custom connected app and update OauthLocalPort in the sfdx-project.json file.'\n]","time":"2020-08-20T14:14:11.841Z","v":0}
{"name":"sfdx","hostname":"DESKTOP-LQR7MO2","pid":9548,"log":"TelemetryReporter","level":40,"msg":"Connection to https://dc.services.visualstudio.com timed out after 1000 ms","time":"2020-08-20T14:14:13.034Z","v":0}
{"name":"sfdx","hostname":"DESKTOP-LQR7MO2","pid":19332,"log":"SfdxProjectJson","level":40,"msg":"The config file: C:\\Users\\migue\\.sfdx\\sfdx-project.json is not schema valid\nDue to: Validation errors:\nshould have required property 'packageDirectories'","time":"2020-08-20T14:22:12.526Z","v":0}
{"name":"sfdx","hostname":"DESKTOP-LQR7MO2","pid":19332,"log":"SfdxProjectJson","level":40,"msg":"The config file: C:\\Users\\migue\\.sfdx\\sfdx-project.json is not schema valid\nDue to: Validation errors:\nshould have required property 'packageDirectories'","time":"2020-08-20T14:22:12.567Z","v":0}
{"name":"sfdx","hostname":"DESKTOP-LQR7MO2","pid":3488,"level":60,"msg":"","time":"2020-08-20T14:23:58.268Z","v":0}
{"name":"sfdx","hostname":"DESKTOP-LQR7MO2","pid":11496,"log":"SfdxProjectJson","level":40,"msg":"The config file: C:\\Users\\migue\\.sfdx\\sfdx-project.json is not schema valid\nDue to: Validation errors:\nshould have required property 'packageDirectories'","time":"2020-08-20T14:23:59.587Z","v":0}
{"name":"sfdx","hostname":"DESKTOP-LQR7MO2","pid":11496,"log":"SfdxProjectJson","level":40,"msg":"The config file: C:\\Users\\migue\\.sfdx\\sfdx-project.json is not schema valid\nDue to: Validation errors:\nshould have required property 'packageDirectories'","time":"2020-08-20T14:23:59.598Z","v":0}
{"name":"sfdx","hostname":"DESKTOP-LQR7MO2","pid":3488,"level":60,"msg":"","time":"2020-08-20T14:24:04.046Z","v":0}
{"name":"sfdx","hostname":"DESKTOP-LQR7MO2","pid":3488,"level":60,"msg":"","time":"2020-08-20T14:24:05.128Z","v":0}
{"name":"sfdx","hostname":"DESKTOP-LQR7MO2","pid":19952,"log":"SfdxProjectJson","level":40,"msg":"The config file: C:\\Users\\migue\\.sfdx\\sfdx-project.json is not schema valid\nDue to: Validation errors:\nshould have required property 'packageDirectories'","time":"2020-08-20T14:24:05.181Z","v":0}
{"name":"sfdx","hostname":"DESKTOP-LQR7MO2","pid":19952,"log":"SfdxProjectJson","level":40,"msg":"The config file: C:\\Users\\migue\\.sfdx\\sfdx-project.json is not schema valid\nDue to: Validation errors:\nshould have required property 'packageDirectories'","time":"2020-08-20T14:24:05.194Z","v":0}
{"name":"sfdx","hostname":"DESKTOP-LQR7MO2","pid":1508,"log":"SfdxProjectJson","level":40,"msg":"The config file: C:\\Users\\migue\\.sfdx\\sfdx-project.json is not schema valid\nDue to: Validation errors:\nshould have required property 'packageDirectories'","time":"2020-08-20T14:24:06.433Z","v":0}
{"name":"sfdx","hostname":"DESKTOP-LQR7MO2","pid":1508,"log":"SfdxProjectJson","level":40,"msg":"The config file: C:\\Users\\migue\\.sfdx\\sfdx-project.json is not schema valid\nDue to: Validation errors:\nshould have required property 'packageDirectories'","time":"2020-08-20T14:24:06.445Z","v":0}
{"name":"sfdx","hostname":"DESKTOP-LQR7MO2","pid":3488,"level":60,"msg":"","time":"2020-08-20T14:24:17.244Z","v":0}
{"name":"sfdx","hostname":"DESKTOP-LQR7MO2","pid":7532,"log":"SfdxProjectJson","level":40,"msg":"The config file: C:\\Users\\migue\\.sfdx\\sfdx-project.json is not schema valid\nDue to: Validation errors:\nshould have required property 'packageDirectories'","time":"2020-08-20T14:24:18.669Z","v":0}
{"name":"sfdx","hostname":"DESKTOP-LQR7MO2","pid":7532,"log":"SfdxProjectJson","level":40,"msg":"The config file: C:\\Users\\migue\\.sfdx\\sfdx-project.json is not schema valid\nDue to: Validation errors:\nshould have required property 'packageDirectories'","time":"2020-08-20T14:24:18.680Z","v":0}
{"name":"sfdx","hostname":"DESKTOP-LQR7MO2","pid":6652,"log":"SfdxProjectJson","level":40,"msg":"The config file: C:\\Users\\migue\\.sfdx\\sfdx-project.json is not schema valid\nDue to: Validation errors:\nshould have required property 'packageDirectories'","time":"2020-08-20T14:25:39.976Z","v":0}
{"name":"sfdx","hostname":"DESKTOP-LQR7MO2","pid":6652,"log":"SfdxProjectJson","level":40,"msg":"The config file: C:\\Users\\migue\\.sfdx\\sfdx-project.json is not schema valid\nDue to: Validation errors:\nshould have required property 'packageDirectories'","time":"2020-08-20T14:25:39.988Z","v":0}
{"name":"sfdx","hostname":"DESKTOP-LQR7MO2","pid":10372,"log":"SfdxProjectJson","level":40,"msg":"The config file: C:\\Users\\migue\\.sfdx\\sfdx-project.json is not schema valid\nDue to: Validation errors:\nshould have required property 'packageDirectories'","time":"2020-08-20T14:25:41.417Z","v":0}
{"name":"sfdx","hostname":"DESKTOP-LQR7MO2","pid":10372,"log":"SfdxProjectJson","level":40,"msg":"The config file: C:\\Users\\migue\\.sfdx\\sfdx-project.json is not schema valid\nDue to: Validation errors:\nshould have required property 'packageDirectories'","time":"2020-08-20T14:25:41.428Z","v":0}
{"name":"sfdx","hostname":"DESKTOP-LQR7MO2","pid":12520,"log":"SfdxProjectJson","level":40,"msg":"The config file: C:\\Users\\migue\\.sfdx\\sfdx-project.json is not schema valid\nDue to: Validation errors:\nshould have required property 'packageDirectories'","time":"2020-08-20T14:25:49.190Z","v":0}
{"name":"sfdx","hostname":"DESKTOP-LQR7MO2","pid":12520,"log":"SfdxProjectJson","level":40,"msg":"The config file: C:\\Users\\migue\\.sfdx\\sfdx-project.json is not schema valid\nDue to: Validation errors:\nshould have required property 'packageDirectories'","time":"2020-08-20T14:25:49.203Z","v":0}
{"name":"sfdx","hostname":"DESKTOP-LQR7MO2","pid":9784,"log":"SfdxProjectJson","level":40,"msg":"The config file: C:\\Users\\migue\\.sfdx\\sfdx-project.json is not schema valid\nDue to: Validation errors:\nshould have required property 'packageDirectories'","time":"2020-08-20T14:28:19.488Z","v":0}
{"name":"sfdx","hostname":"DESKTOP-LQR7MO2","pid":9784,"log":"SfdxProjectJson","level":40,"msg":"The config file: C:\\Users\\migue\\.sfdx\\sfdx-project.json is not schema valid\nDue to: Validation errors:\nshould have required property 'packageDirectories'","time":"2020-08-20T14:28:19.502Z","v":0}
{"name":"sfdx","hostname":"DESKTOP-LQR7MO2","pid":3488,"level":60,"msg":"","time":"2020-08-20T14:29:43.968Z","v":0}
{"name":"sfdx","hostname":"DESKTOP-LQR7MO2","pid":21464,"log":"SfdxProjectJson","level":40,"msg":"The config file: C:\\Users\\migue\\.sfdx\\sfdx-project.json is not schema valid\nDue to: Validation errors:\nshould have required property 'packageDirectories'","time":"2020-08-20T14:29:45.475Z","v":0}
{"name":"sfdx","hostname":"DESKTOP-LQR7MO2","pid":21464,"log":"SfdxProjectJson","level":40,"msg":"The config file: C:\\Users\\migue\\.sfdx\\sfdx-project.json is not schema valid\nDue to: Validation errors:\nshould have required property 'packageDirectories'","time":"2020-08-20T14:29:45.487Z","v":0}
{"name":"sfdx","hostname":"DESKTOP-LQR7MO2","pid":21652,"log":"SfdxProjectJson","level":40,"msg":"The config file: C:\\Users\\migue\\.sfdx\\sfdx-project.json is not schema valid\nDue to: Validation errors:\nshould have required property 'packageDirectories'","time":"2020-08-20T14:29:46.570Z","v":0}
{"name":"sfdx","hostname":"DESKTOP-LQR7MO2","pid":21652,"log":"SfdxProjectJson","level":40,"msg":"The config file: C:\\Users\\migue\\.sfdx\\sfdx-project.json is not schema valid\nDue to: Validation errors:\nshould have required property 'packageDirectories'","time":"2020-08-20T14:29:46.581Z","v":0}
{"name":"sfdx","hostname":"DESKTOP-LQR7MO2","pid":15772,"log":"SfdxProjectJson","level":40,"msg":"The config file: C:\\Users\\migue\\.sfdx\\sfdx-project.json is not schema valid\nDue to: Validation errors:\nshould have required property 'packageDirectories'","time":"2020-08-20T14:29:52.207Z","v":0}
{"name":"sfdx","hostname":"DESKTOP-LQR7MO2","pid":15772,"log":"SfdxProjectJson","level":40,"msg":"The config file: C:\\Users\\migue\\.sfdx\\sfdx-project.json is not schema valid\nDue to: Validation errors:\nshould have required property 'packageDirectories'","time":"2020-08-20T14:29:52.218Z","v":0}
{"name":"sfdx","hostname":"DESKTOP-LQR7MO2","pid":21068,"log":"SfdxProjectJson","level":40,"msg":"The config file: C:\\Users\\migue\\.sfdx\\sfdx-project.json is not schema valid\nDue to: Validation errors:\nshould have required property 'packageDirectories'","time":"2020-08-20T14:29:56.920Z","v":0}
{"name":"sfdx","hostname":"DESKTOP-LQR7MO2","pid":21068,"log":"SfdxProjectJson","level":40,"msg":"The config file: C:\\Users\\migue\\.sfdx\\sfdx-project.json is not schema valid\nDue to: Validation errors:\nshould have required property 'packageDirectories'","time":"2020-08-20T14:29:56.931Z","v":0}
{"name":"sfdx","hostname":"DESKTOP-LQR7MO2","pid":21452,"log":"SfdxProjectJson","level":40,"msg":"The config file: C:\\Users\\migue\\.sfdx\\sfdx-project.json is not schema valid\nDue to: Validation errors:\nshould have required property 'packageDirectories'","time":"2020-08-20T14:30:18.573Z","v":0}
{"name":"sfdx","hostname":"DESKTOP-LQR7MO2","pid":21452,"log":"SfdxProjectJson","level":40,"msg":"The config file: C:\\Users\\migue\\.sfdx\\sfdx-project.json is not schema valid\nDue to: Validation errors:\nshould have required property 'packageDirectories'","time":"2020-08-20T14:30:18.585Z","v":0}
{"name":"sfdx","hostname":"DESKTOP-LQR7MO2","pid":19232,"log":"SfdxProjectJson","level":40,"msg":"The config file: C:\\Users\\migue\\.sfdx\\sfdx-project.json is not schema valid\nDue to: Validation errors:\nshould have required property 'packageDirectories'","time":"2020-08-20T14:30:21.834Z","v":0}
{"name":"sfdx","hostname":"DESKTOP-LQR7MO2","pid":19232,"log":"SfdxProjectJson","level":40,"msg":"The config file: C:\\Users\\migue\\.sfdx\\sfdx-project.json is not schema valid\nDue to: Validation errors:\nshould have required property 'packageDirectories'","time":"2020-08-20T14:30:21.846Z","v":0}
{"name":"sfdx","hostname":"DESKTOP-LQR7MO2","pid":11132,"log":"SfdxProjectJson","level":40,"msg":"The config file: C:\\Users\\migue\\.sfdx\\sfdx-project.json is not schema valid\nDue to: Validation errors:\nshould have required property 'packageDirectories'","time":"2020-08-20T14:30:22.021Z","v":0}
{"name":"sfdx","hostname":"DESKTOP-LQR7MO2","pid":11132,"log":"SfdxProjectJson","level":40,"msg":"The config file: C:\\Users\\migue\\.sfdx\\sfdx-project.json is not schema valid\nDue to: Validation errors:\nshould have required property 'packageDirectories'","time":"2020-08-20T14:30:22.035Z","v":0}
{"name":"sfdx","hostname":"DESKTOP-LQR7MO2","pid":3028,"log":"SfdxProjectJson","level":40,"msg":"The config file: C:\\Users\\migue\\.sfdx\\sfdx-project.json is not schema valid\nDue to: Validation errors:\nshould have required property 'packageDirectories'","time":"2020-08-20T14:30:24.648Z","v":0}
{"name":"sfdx","hostname":"DESKTOP-LQR7MO2","pid":3028,"log":"SfdxProjectJson","level":40,"msg":"The config file: C:\\Users\\migue\\.sfdx\\sfdx-project.json is not schema valid\nDue to: Validation errors:\nshould have required property 'packageDirectories'","time":"2020-08-20T14:30:24.660Z","v":0}
{"name":"sfdx","hostname":"DESKTOP-LQR7MO2","pid":3488,"level":60,"msg":"","time":"2020-08-20T14:30:50.610Z","v":0}
{"name":"sfdx","hostname":"DESKTOP-LQR7MO2","pid":12060,"log":"SfdxProjectJson","level":40,"msg":"The config file: C:\\Users\\migue\\.sfdx\\sfdx-project.json is not schema valid\nDue to: Validation errors:\nshould have required property 'packageDirectories'","time":"2020-08-20T14:30:52.218Z","v":0}
{"name":"sfdx","hostname":"DESKTOP-LQR7MO2","pid":12060,"log":"SfdxProjectJson","level":40,"msg":"The config file: C:\\Users\\migue\\.sfdx\\sfdx-project.json is not schema valid\nDue to: Validation errors:\nshould have required property 'packageDirectories'","time":"2020-08-20T14:30:52.228Z","v":0}
{"name":"sfdx","hostname":"DESKTOP-LQR7MO2","pid":13848,"log":"SfdxProjectJson","level":40,"msg":"The config file: C:\\Users\\migue\\.sfdx\\sfdx-project.json is not schema valid\nDue to: Validation errors:\nshould have required property 'packageDirectories'","time":"2020-08-20T14:30:53.797Z","v":0}
{"name":"sfdx","hostname":"DESKTOP-LQR7MO2","pid":13848,"log":"SfdxProjectJson","level":40,"msg":"The config file: C:\\Users\\migue\\.sfdx\\sfdx-project.json is not schema valid\nDue to: Validation errors:\nshould have required property 'packageDirectories'","time":"2020-08-20T14:30:53.808Z","v":0}
{"name":"sfdx","hostname":"DESKTOP-LQR7MO2","pid":12304,"log":"SfdxProjectJson","level":40,"msg":"The config file: C:\\Users\\migue\\.sfdx\\sfdx-project.json is not schema valid\nDue to: Validation errors:\nshould have required property 'packageDirectories'","time":"2020-08-20T14:34:18.288Z","v":0}
{"name":"sfdx","hostname":"DESKTOP-LQR7MO2","pid":12304,"log":"SfdxProjectJson","level":40,"msg":"The config file: C:\\Users\\migue\\.sfdx\\sfdx-project.json is not schema valid\nDue to: Validation errors:\nshould have required property 'packageDirectories'","time":"2020-08-20T14:34:18.304Z","v":0}
{"name":"sfdx","hostname":"DESKTOP-LQR7MO2","pid":12304,"log":"SourceDeployCommand","level":50,"msg":"[\n  '\\u001b[1mERROR running force:source:deploy: \\u001b[22m',\n  '\\u001b[31mValue is not defined\\u001b[39m'\n]","time":"2020-08-20T14:34:18.319Z","v":0}
{"name":"sfdx","hostname":"DESKTOP-LQR7MO2","pid":3488,"level":60,"msg":"","time":"2020-08-20T14:34:54.845Z","v":0}
{"name":"sfdx","hostname":"DESKTOP-LQR7MO2","pid":22116,"log":"SfdxProjectJson","level":40,"msg":"The config file: C:\\Users\\migue\\.sfdx\\sfdx-project.json is not schema valid\nDue to: Validation errors:\nshould have required property 'packageDirectories'","time":"2020-08-20T14:34:56.241Z","v":0}
{"name":"sfdx","hostname":"DESKTOP-LQR7MO2","pid":22116,"log":"SfdxProjectJson","level":40,"msg":"The config file: C:\\Users\\migue\\.sfdx\\sfdx-project.json is not schema valid\nDue to: Validation errors:\nshould have required property 'packageDirectories'","time":"2020-08-20T14:34:56.254Z","v":0}
{"name":"sfdx","hostname":"DESKTOP-LQR7MO2","pid":4964,"log":"SfdxProjectJson","level":40,"msg":"The config file: C:\\Users\\migue\\.sfdx\\sfdx-project.json is not schema valid\nDue to: Validation errors:\nshould have required property 'packageDirectories'","time":"2020-08-20T14:35:08.782Z","v":0}
{"name":"sfdx","hostname":"DESKTOP-LQR7MO2","pid":4964,"log":"SfdxProjectJson","level":40,"msg":"The config file: C:\\Users\\migue\\.sfdx\\sfdx-project.json is not schema valid\nDue to: Validation errors:\nshould have required property 'packageDirectories'","time":"2020-08-20T14:35:08.791Z","v":0}
{"name":"sfdx","hostname":"DESKTOP-LQR7MO2","pid":4964,"log":"SourceDeployCommand","level":50,"msg":"[\n  '\\u001b[1mERROR running force:source:deploy: \\u001b[22m',\n  '\\u001b[31mMissing one of the following parameters: manifest metadata sourcepath validateddeployrequestid\\u001b[39m'\n]","time":"2020-08-20T14:35:08.803Z","v":0}
{"name":"sfdx","hostname":"DESKTOP-LQR7MO2","pid":1592,"log":"SfdxProjectJson","level":40,"msg":"The config file: C:\\Users\\migue\\.sfdx\\sfdx-project.json is not schema valid\nDue to: Validation errors:\nshould have required property 'packageDirectories'","time":"2020-08-20T14:37:18.501Z","v":0}
{"name":"sfdx","hostname":"DESKTOP-LQR7MO2","pid":1592,"log":"SfdxProjectJson","level":40,"msg":"The config file: C:\\Users\\migue\\.sfdx\\sfdx-project.json is not schema valid\nDue to: Validation errors:\nshould have required property 'packageDirectories'","time":"2020-08-20T14:37:18.513Z","v":0}
{"name":"sfdx","hostname":"DESKTOP-LQR7MO2","pid":1592,"log":"SourceDeployCommand","level":50,"msg":"[\n  '\\u001b[1mERROR running force:source:deploy: \\u001b[22m',\n  '\\u001b[31mUnexpected argument: /force-app\\u001b[39m\\n' +\n    '\\u001b[31mSee more help with --help\\u001b[39m'\n]","time":"2020-08-20T14:37:18.529Z","v":0}
{"name":"sfdx","hostname":"DESKTOP-LQR7MO2","pid":12108,"log":"SfdxProjectJson","level":40,"msg":"The config file: C:\\Users\\migue\\.sfdx\\sfdx-project.json is not schema valid\nDue to: Validation errors:\nshould have required property 'packageDirectories'","time":"2020-08-20T14:38:38.218Z","v":0}
{"name":"sfdx","hostname":"DESKTOP-LQR7MO2","pid":12108,"log":"SfdxProjectJson","level":40,"msg":"The config file: C:\\Users\\migue\\.sfdx\\sfdx-project.json is not schema valid\nDue to: Validation errors:\nshould have required property 'packageDirectories'","time":"2020-08-20T14:38:38.228Z","v":0}
{"name":"sfdx","hostname":"DESKTOP-LQR7MO2","pid":12108,"log":"SourceDeployCommand","level":50,"msg":"[\n  '\\u001b[1mERROR running force:source:deploy: \\u001b[22m',\n  \"\\u001b[31mWe can't find the metadata object named LightningtComponentBundle. Verify that this metadata exists and try again.\\u001b[39m\"\n]","time":"2020-08-20T14:38:38.243Z","v":0}
{"name":"sfdx","hostname":"DESKTOP-LQR7MO2","pid":22360,"log":"SfdxProjectJson","level":40,"msg":"The config file: C:\\Users\\migue\\.sfdx\\sfdx-project.json is not schema valid\nDue to: Validation errors:\nshould have required property 'packageDirectories'","time":"2020-08-20T14:39:14.269Z","v":0}
{"name":"sfdx","hostname":"DESKTOP-LQR7MO2","pid":22360,"log":"SfdxProjectJson","level":40,"msg":"The config file: C:\\Users\\migue\\.sfdx\\sfdx-project.json is not schema valid\nDue to: Validation errors:\nshould have required property 'packageDirectories'","time":"2020-08-20T14:39:14.278Z","v":0}
{"name":"sfdx","hostname":"DESKTOP-LQR7MO2","pid":22360,"log":"SourceDeployCommand","level":50,"msg":"[\n  '\\u001b[1mERROR running force:source:deploy: \\u001b[22m',\n  '\\u001b[31mThe LightningComponentBundle named myComponent was not found in the workspace.\\u001b[39m'\n]","time":"2020-08-20T14:39:14.289Z","v":0}
{"name":"sfdx","hostname":"DESKTOP-LQR7MO2","pid":20560,"log":"SfdxProjectJson","level":40,"msg":"The config file: C:\\Users\\migue\\.sfdx\\sfdx-project.json is not schema valid\nDue to: Validation errors:\nshould have required property 'packageDirectories'","time":"2020-08-20T14:39:46.834Z","v":0}
{"name":"sfdx","hostname":"DESKTOP-LQR7MO2","pid":20560,"log":"SfdxProjectJson","level":40,"msg":"The config file: C:\\Users\\migue\\.sfdx\\sfdx-project.json is not schema valid\nDue to: Validation errors:\nshould have required property 'packageDirectories'","time":"2020-08-20T14:39:46.849Z","v":0}
{"name":"sfdx","hostname":"DESKTOP-LQR7MO2","pid":20560,"log":"SourceDeployCommand","level":50,"msg":"[\n  '\\u001b[1mERROR running force:source:deploy: \\u001b[22m',\n  '\\u001b[31mINVALID_OPERATION: testLevel of NoTestRun cannot be used in production organizations\\u001b[39m'\n]","time":"2020-08-20T14:39:46.864Z","v":0}
{"name":"sfdx","hostname":"DESKTOP-LQR7MO2","pid":21036,"level":60,"msg":"","time":"2020-08-20T14:46:05.285Z","v":0}
{"name":"sfdx","hostname":"DESKTOP-LQR7MO2","pid":22384,"log":"SfdxProjectJson","level":40,"msg":"The config file: C:\\Users\\migue\\.sfdx\\sfdx-project.json is not schema valid\nDue to: Validation errors:\nshould have required property 'packageDirectories'","time":"2020-08-20T14:52:03.843Z","v":0}
{"name":"sfdx","hostname":"DESKTOP-LQR7MO2","pid":22384,"log":"SfdxProjectJson","level":40,"msg":"The config file: C:\\Users\\migue\\.sfdx\\sfdx-project.json is not schema valid\nDue to: Validation errors:\nshould have required property 'packageDirectories'","time":"2020-08-20T14:52:03.861Z","v":0}
{"name":"sfdx","hostname":"DESKTOP-LQR7MO2","pid":17812,"log":"SfdxProjectJson","level":40,"msg":"The config file: C:\\Users\\migue\\.sfdx\\sfdx-project.json is not schema valid\nDue to: Validation errors:\nshould have required property 'packageDirectories'","time":"2020-08-20T16:03:44.842Z","v":0}
{"name":"sfdx","hostname":"DESKTOP-LQR7MO2","pid":17812,"log":"SfdxProjectJson","level":40,"msg":"The config file: C:\\Users\\migue\\.sfdx\\sfdx-project.json is not schema valid\nDue to: Validation errors:\nshould have required property 'packageDirectories'","time":"2020-08-20T16:03:44.854Z","v":0}
{"name":"sfdx","hostname":"DESKTOP-LQR7MO2","pid":2652,"log":"SfdxProjectJson","level":40,"msg":"The config file: C:\\Users\\migue\\.sfdx\\sfdx-project.json is not schema valid\nDue to: Validation errors:\nshould have required property 'packageDirectories'","time":"2020-08-20T16:11:16.048Z","v":0}
{"name":"sfdx","hostname":"DESKTOP-LQR7MO2","pid":2652,"log":"SfdxProjectJson","level":40,"msg":"The config file: C:\\Users\\migue\\.sfdx\\sfdx-project.json is not schema valid\nDue to: Validation errors:\nshould have required property 'packageDirectories'","time":"2020-08-20T16:11:16.063Z","v":0}
{"name":"sfdx","hostname":"DESKTOP-LQR7MO2","pid":2652,"log":"SourceDeployCommand","level":50,"msg":"[\n  '\\u001b[1mERROR running force:source:deploy: \\u001b[22m',\n  '\\u001b[31mINVALID_OPERATION: testLevel of NoTestRun cannot be used in production organizations\\u001b[39m'\n]","time":"2020-08-20T16:11:16.078Z","v":0}
{"name":"sfdx","hostname":"DESKTOP-LQR7MO2","pid":11420,"log":"SfdxProjectJson","level":40,"msg":"The config file: C:\\Users\\migue\\.sfdx\\sfdx-project.json is not schema valid\nDue to: Validation errors:\nshould have required property 'packageDirectories'","time":"2020-08-20T16:12:21.663Z","v":0}
{"name":"sfdx","hostname":"DESKTOP-LQR7MO2","pid":11420,"log":"SfdxProjectJson","level":40,"msg":"The config file: C:\\Users\\migue\\.sfdx\\sfdx-project.json is not schema valid\nDue to: Validation errors:\nshould have required property 'packageDirectories'","time":"2020-08-20T16:12:21.673Z","v":0}
{"name":"sfdx","hostname":"DESKTOP-LQR7MO2","pid":11420,"log":"SourceDeployCommand","level":50,"msg":"[\n  '\\u001b[1mERROR running force:source:deploy: \\u001b[22m',\n  '\\u001b[31mINVALID_OPERATION: testLevel of NoTestRun cannot be used in production organizations\\u001b[39m'\n]","time":"2020-08-20T16:12:21.686Z","v":0}
{"name":"sfdx","hostname":"DESKTOP-LQR7MO2","pid":13464,"log":"TelemetryReporter","level":40,"msg":"Connection to https://dc.services.visualstudio.com timed out after 1000 ms","time":"2020-08-20T16:12:24.547Z","v":0}
{"name":"sfdx","hostname":"DESKTOP-LQR7MO2","pid":11992,"log":"SfdxProjectJson","level":40,"msg":"The config file: C:\\Users\\migue\\.sfdx\\sfdx-project.json is not schema valid\nDue to: Validation errors:\nshould have required property 'packageDirectories'","time":"2020-08-20T16:15:43.348Z","v":0}
{"name":"sfdx","hostname":"DESKTOP-LQR7MO2","pid":11992,"log":"SfdxProjectJson","level":40,"msg":"The config file: C:\\Users\\migue\\.sfdx\\sfdx-project.json is not schema valid\nDue to: Validation errors:\nshould have required property 'packageDirectories'","time":"2020-08-20T16:15:43.383Z","v":0}
{"name":"sfdx","hostname":"DESKTOP-LQR7MO2","pid":11992,"log":"SourceRetrieveCommand","level":50,"msg":"[\n  '\\u001b[1mERROR running force:source:retrieve: \\u001b[22m',\n  \"\\u001b[31mThe metadata retrieve operation failed: INVALID_CROSS_REFERENCE_KEY: No package named 'pastTransactionV2' found\\u001b[39m\"\n]","time":"2020-08-20T16:15:43.446Z","v":0}
{"name":"sfdx","hostname":"DESKTOP-LQR7MO2","pid":11652,"log":"SfdxProjectJson","level":40,"msg":"The config file: C:\\Users\\migue\\.sfdx\\sfdx-project.json is not schema valid\nDue to: Validation errors:\nshould have required property 'packageDirectories'","time":"2020-08-20T16:18:33.085Z","v":0}
{"name":"sfdx","hostname":"DESKTOP-LQR7MO2","pid":11652,"log":"SfdxProjectJson","level":40,"msg":"The config file: C:\\Users\\migue\\.sfdx\\sfdx-project.json is not schema valid\nDue to: Validation errors:\nshould have required property 'packageDirectories'","time":"2020-08-20T16:18:33.109Z","v":0}
{"name":"sfdx","hostname":"DESKTOP-LQR7MO2","pid":11652,"log":"SourceDeployCommand","level":50,"msg":"[\n  '\\u001b[1mERROR running force:source:deploy: \\u001b[22m',\n  '\\u001b[31mDeploy failed.\\u001b[39m'\n]","time":"2020-08-20T16:18:33.142Z","v":0}
{"name":"sfdx","hostname":"DESKTOP-LQR7MO2","pid":1008,"log":"SfdxProjectJson","level":40,"msg":"The config file: C:\\Users\\migue\\.sfdx\\sfdx-project.json is not schema valid\nDue to: Validation errors:\nshould have required property 'packageDirectories'","time":"2020-08-20T16:22:58.822Z","v":0}
{"name":"sfdx","hostname":"DESKTOP-LQR7MO2","pid":1008,"log":"SfdxProjectJson","level":40,"msg":"The config file: C:\\Users\\migue\\.sfdx\\sfdx-project.json is not schema valid\nDue to: Validation errors:\nshould have required property 'packageDirectories'","time":"2020-08-20T16:22:58.844Z","v":0}
{"name":"sfdx","hostname":"DESKTOP-LQR7MO2","pid":1008,"log":"SourceDeployCommand","level":50,"msg":"[\n  '\\u001b[1mERROR running force:source:deploy: \\u001b[22m',\n  '\\u001b[31mINVALID_OPERATION: testLevel of NoTestRun cannot be used in production organizations\\u001b[39m'\n]","time":"2020-08-20T16:22:58.865Z","v":0}
{"name":"sfdx","hostname":"DESKTOP-LQR7MO2","pid":17800,"log":"SfdxProjectJson","level":40,"msg":"The config file: C:\\Users\\migue\\.sfdx\\sfdx-project.json is not schema valid\nDue to: Validation errors:\nshould have required property 'packageDirectories'","time":"2020-08-20T16:55:10.681Z","v":0}
{"name":"sfdx","hostname":"DESKTOP-LQR7MO2","pid":17800,"log":"SfdxProjectJson","level":40,"msg":"The config file: C:\\Users\\migue\\.sfdx\\sfdx-project.json is not schema valid\nDue to: Validation errors:\nshould have required property 'packageDirectories'","time":"2020-08-20T16:55:10.692Z","v":0}
{"name":"sfdx","hostname":"DESKTOP-LQR7MO2","pid":17800,"log":"MdapiDeployCommand","level":50,"msg":"[\n  '\\u001b[1mERROR running force:mdapi:deploy: \\u001b[22m',\n  '\\u001b[31mUnexpected arguments: -p, force-app\\u001b[39m\\n' +\n    '\\u001b[31mSee more help with --help\\u001b[39m'\n]","time":"2020-08-20T16:55:10.707Z","v":0}
{"name":"sfdx","hostname":"DESKTOP-LQR7MO2","pid":16884,"level":60,"msg":"","time":"2020-08-20T19:41:52.719Z","v":0}
{"name":"sfdx","hostname":"DESKTOP-LQR7MO2","pid":7472,"log":"SfdxProjectJson","level":40,"msg":"The config file: C:\\Users\\migue\\.sfdx\\sfdx-project.json is not schema valid\nDue to: Validation errors:\nshould have required property 'packageDirectories'","time":"2020-08-24T12:18:39.807Z","v":0}
{"name":"sfdx","hostname":"DESKTOP-LQR7MO2","pid":7472,"log":"SfdxProjectJson","level":40,"msg":"The config file: C:\\Users\\migue\\.sfdx\\sfdx-project.json is not schema valid\nDue to: Validation errors:\nshould have required property 'packageDirectories'","time":"2020-08-24T12:18:39.843Z","v":0}
{"name":"sfdx","hostname":"DESKTOP-LQR7MO2","pid":3280,"log":"SfdxProjectJson","level":40,"msg":"The config file: C:\\Users\\migue\\.sfdx\\sfdx-project.json is not schema valid\nDue to: Validation errors:\nshould have required property 'packageDirectories'","time":"2020-08-24T12:55:50.070Z","v":0}
{"name":"sfdx","hostname":"DESKTOP-LQR7MO2","pid":3280,"log":"SfdxProjectJson","level":40,"msg":"The config file: C:\\Users\\migue\\.sfdx\\sfdx-project.json is not schema valid\nDue to: Validation errors:\nshould have required property 'packageDirectories'","time":"2020-08-24T12:55:50.084Z","v":0}
{"name":"sfdx","hostname":"DESKTOP-LQR7MO2","pid":17008,"level":60,"msg":"","time":"2020-08-24T12:58:19.881Z","v":0}
{"name":"sfdx","hostname":"DESKTOP-LQR7MO2","pid":8176,"level":60,"msg":"","time":"2020-08-31T23:40:55.778Z","v":0}
{"name":"sfdx","hostname":"DESKTOP-LQR7MO2","pid":12324,"level":60,"msg":"","time":"2020-09-02T02:56:17.903Z","v":0}
{"name":"sfdx","hostname":"DESKTOP-LQR7MO2","pid":14940,"log":"SfdxProjectJson","level":40,"msg":"The config file: C:\\Users\\migue\\.sfdx\\sfdx-project.json is not schema valid\nDue to: Validation errors:\nshould have required property 'packageDirectories'","time":"2020-09-02T13:15:01.343Z","v":0}
{"name":"sfdx","hostname":"DESKTOP-LQR7MO2","pid":14940,"log":"SfdxProjectJson","level":40,"msg":"The config file: C:\\Users\\migue\\.sfdx\\sfdx-project.json is not schema valid\nDue to: Validation errors:\nshould have required property 'packageDirectories'","time":"2020-09-02T13:15:01.354Z","v":0}
{"name":"sfdx","hostname":"DESKTOP-LQR7MO2","pid":25688,"level":60,"msg":"","time":"2020-09-02T13:15:33.216Z","v":0}
{"name":"sfdx","hostname":"DESKTOP-LQR7MO2","pid":1428,"log":"TelemetryReporter","level":40,"msg":"Connection to https://dc.services.visualstudio.com timed out after 1000 ms","time":"2020-09-02T13:28:07.407Z","v":0}
{"name":"sfdx","hostname":"DESKTOP-LQR7MO2","pid":15168,"log":"TelemetryReporter","level":40,"msg":"Connection to https://dc.services.visualstudio.com timed out after 1000 ms","time":"2020-09-02T13:33:26.591Z","v":0}
{"name":"sfdx","hostname":"DESKTOP-LQR7MO2","pid":14668,"log":"TelemetryReporter","level":40,"msg":"Connection to https://dc.services.visualstudio.com timed out after 1000 ms","time":"2020-09-02T13:35:33.334Z","v":0}
{"name":"sfdx","hostname":"DESKTOP-LQR7MO2","pid":21636,"log":"TelemetryReporter","level":40,"msg":"Connection to https://dc.services.visualstudio.com timed out after 1000 ms","time":"2020-09-02T13:38:23.660Z","v":0}
{"name":"sfdx","hostname":"DESKTOP-LQR7MO2","pid":7204,"log":"TelemetryReporter","level":40,"msg":"Connection to https://dc.services.visualstudio.com timed out after 1000 ms","time":"2020-09-02T13:39:50.212Z","v":0}
{"name":"sfdx","hostname":"DESKTOP-LQR7MO2","pid":27152,"log":"TelemetryReporter","level":40,"msg":"Connection to https://dc.services.visualstudio.com timed out after 1000 ms","time":"2020-09-02T14:08:49.167Z","v":0}
{"name":"sfdx","hostname":"DESKTOP-LQR7MO2","pid":23900,"log":"TelemetryReporter","level":40,"msg":"Connection to https://dc.services.visualstudio.com timed out after 1000 ms","time":"2020-09-02T14:09:34.817Z","v":0}
{"name":"sfdx","hostname":"DESKTOP-LQR7MO2","pid":29732,"log":"TelemetryReporter","level":40,"msg":"Connection to https://dc.services.visualstudio.com timed out after 1000 ms","time":"2020-09-02T14:10:35.583Z","v":0}
{"name":"sfdx","hostname":"DESKTOP-LQR7MO2","pid":4704,"log":"SfdxProjectJson","level":40,"msg":"The config file: C:\\Users\\migue\\.sfdx\\sfdx-project.json is not schema valid\nDue to: Validation errors:\nshould have required property 'packageDirectories'","time":"2020-09-02T15:45:13.411Z","v":0}
{"name":"sfdx","hostname":"DESKTOP-LQR7MO2","pid":4704,"log":"SfdxProjectJson","level":40,"msg":"The config file: C:\\Users\\migue\\.sfdx\\sfdx-project.json is not schema valid\nDue to: Validation errors:\nshould have required property 'packageDirectories'","time":"2020-09-02T15:45:13.478Z","v":0}
{"name":"sfdx","hostname":"DESKTOP-LQR7MO2","pid":12008,"level":60,"msg":"","time":"2020-09-07T20:14:33.496Z","v":0}
{"name":"sfdx","hostname":"DESKTOP-LQR7MO2","pid":10484,"log":"TelemetryReporter","level":40,"msg":"Connection to https://dc.services.visualstudio.com timed out after 1000 ms","time":"2020-09-07T20:14:49.112Z","v":0}
{"name":"sfdx","hostname":"DESKTOP-LQR7MO2","pid":15928,"log":"SfdxProjectJson","level":40,"msg":"The config file: C:\\Users\\migue\\.sfdx\\sfdx-project.json is not schema valid\nDue to: Validation errors:\nshould have required property 'packageDirectories'","time":"2020-09-07T21:00:20.022Z","v":0}
{"name":"sfdx","hostname":"DESKTOP-LQR7MO2","pid":15928,"log":"SfdxProjectJson","level":40,"msg":"The config file: C:\\Users\\migue\\.sfdx\\sfdx-project.json is not schema valid\nDue to: Validation errors:\nshould have required property 'packageDirectories'","time":"2020-09-07T21:00:20.034Z","v":0}
{"name":"sfdx","hostname":"DESKTOP-LQR7MO2","pid":5644,"log":"TelemetryReporter","level":40,"msg":"Connection to https://dc.services.visualstudio.com timed out after 1000 ms","time":"2020-09-07T21:01:15.254Z","v":0}
{"name":"sfdx","hostname":"DESKTOP-LQR7MO2","pid":11088,"level":60,"msg":"","time":"2020-09-07T21:12:09.570Z","v":0}
{"name":"sfdx","hostname":"DESKTOP-LQR7MO2","pid":14948,"log":"TelemetryReporter","level":40,"msg":"Connection to https://dc.services.visualstudio.com timed out after 1000 ms","time":"2020-09-07T21:12:58.493Z","v":0}
{"name":"sfdx","hostname":"DESKTOP-LQR7MO2","pid":1456,"level":60,"msg":"","time":"2020-09-10T14:42:39.762Z","v":0}
{"name":"sfdx","hostname":"DESKTOP-LQR7MO2","pid":6836,"level":60,"code":"ERR_INVALID_ARG_TYPE","msg":"","time":"2020-09-12T20:53:26.813Z","v":0}
{"name":"sfdx","hostname":"DESKTOP-LQR7MO2","pid":3068,"level":60,"code":"ERR_INVALID_ARG_TYPE","msg":"","time":"2020-09-14T14:16:55.164Z","v":0}
{"name":"sfdx","hostname":"DESKTOP-LQR7MO2","pid":3420,"level":60,"code":"ERR_INVALID_ARG_TYPE","msg":"","time":"2020-09-20T23:21:20.901Z","v":0}
{"name":"sfdx","hostname":"DESKTOP-LQR7MO2","pid":19552,"level":60,"code":"ERR_INVALID_ARG_TYPE","msg":"","time":"2020-09-25T16:19:37.167Z","v":0}
{"name":"sfdx","hostname":"DESKTOP-LQR7MO2","pid":12600,"level":60,"code":"ERR_INVALID_ARG_TYPE","msg":"","time":"2020-09-28T18:28:13.465Z","v":0}
{"name":"sfdx","hostname":"DESKTOP-LQR7MO2","pid":18744,"level":60,"code":"ERR_INVALID_ARG_TYPE","msg":"","time":"2020-10-05T15:08:36.217Z","v":0}
{"name":"sfdx","hostname":"DESKTOP-LQR7MO2","pid":24056,"log":"SfdxProjectJson","level":40,"msg":"The config file: C:\\Users\\migue\\.sfdx\\sfdx-project.json is not schema valid\nDue to: Validation errors:\nshould have required property 'packageDirectories'","time":"2020-10-05T15:15:18.482Z","v":0}
{"name":"sfdx","hostname":"DESKTOP-LQR7MO2","pid":24056,"log":"SfdxProjectJson","level":40,"msg":"The config file: C:\\Users\\migue\\.sfdx\\sfdx-project.json is not schema valid\nDue to: Validation errors:\nshould have required property 'packageDirectories'","time":"2020-10-05T15:15:18.524Z","v":0}
{"name":"sfdx","hostname":"DESKTOP-LQR7MO2","pid":28408,"level":60,"code":"ERR_INVALID_ARG_TYPE","msg":"","time":"2020-10-07T01:01:39.138Z","v":0}
{"name":"sfdx","hostname":"DESKTOP-LQR7MO2","pid":7620,"log":"SfdxProjectJson","level":40,"msg":"The config file: C:\\Users\\migue\\.sfdx\\sfdx-project.json is not schema valid\nDue to: Validation errors:\nshould have required property 'packageDirectories'","time":"2020-10-07T01:02:27.027Z","v":0}
{"name":"sfdx","hostname":"DESKTOP-LQR7MO2","pid":7620,"log":"SfdxProjectJson","level":40,"msg":"The config file: C:\\Users\\migue\\.sfdx\\sfdx-project.json is not schema valid\nDue to: Validation errors:\nshould have required property 'packageDirectories'","time":"2020-10-07T01:02:27.069Z","v":0}
{"name":"sfdx","hostname":"DESKTOP-LQR7MO2","pid":16432,"level":60,"code":"ERR_INVALID_ARG_TYPE","msg":"","time":"2020-10-07T13:29:12.264Z","v":0}
{"name":"sfdx","hostname":"DESKTOP-LQR7MO2","pid":17800,"log":"SfdxProjectJson","level":40,"msg":"The config file: C:\\Users\\migue\\.sfdx\\sfdx-project.json is not schema valid\nDue to: Validation errors:\nshould have required property 'packageDirectories'","time":"2020-10-07T14:15:24.039Z","v":0}
{"name":"sfdx","hostname":"DESKTOP-LQR7MO2","pid":17800,"log":"SfdxProjectJson","level":40,"msg":"The config file: C:\\Users\\migue\\.sfdx\\sfdx-project.json is not schema valid\nDue to: Validation errors:\nshould have required property 'packageDirectories'","time":"2020-10-07T14:15:24.096Z","v":0}
{"name":"sfdx","hostname":"DESKTOP-LQR7MO2","pid":1152,"log":"SfdxProjectJson","level":40,"msg":"The config file: C:\\Users\\migue\\.sfdx\\sfdx-project.json is not schema valid\nDue to: Validation errors:\nshould have required property 'packageDirectories'","time":"2020-10-07T14:18:42.003Z","v":0}
{"name":"sfdx","hostname":"DESKTOP-LQR7MO2","pid":1152,"log":"SfdxProjectJson","level":40,"msg":"The config file: C:\\Users\\migue\\.sfdx\\sfdx-project.json is not schema valid\nDue to: Validation errors:\nshould have required property 'packageDirectories'","time":"2020-10-07T14:18:42.038Z","v":0}
{"name":"sfdx","hostname":"DESKTOP-LQR7MO2","pid":19108,"log":"SfdxProjectJson","level":40,"msg":"The config file: C:\\Users\\migue\\.sfdx\\sfdx-project.json is not schema valid\nDue to: Validation errors:\nshould have required property 'packageDirectories'","time":"2020-10-07T15:26:49.402Z","v":0}
{"name":"sfdx","hostname":"DESKTOP-LQR7MO2","pid":19108,"log":"SfdxProjectJson","level":40,"msg":"The config file: C:\\Users\\migue\\.sfdx\\sfdx-project.json is not schema valid\nDue to: Validation errors:\nshould have required property 'packageDirectories'","time":"2020-10-07T15:26:49.414Z","v":0}
{"name":"sfdx","hostname":"DESKTOP-LQR7MO2","pid":13492,"log":"TelemetryReporter","level":40,"msg":"Connection to https://dc.services.visualstudio.com timed out after 1000 ms","time":"2020-10-07T15:29:02.509Z","v":0}
{"name":"sfdx","hostname":"DESKTOP-LQR7MO2","pid":9548,"log":"SfdxProjectJson","level":40,"msg":"The config file: C:\\Users\\migue\\.sfdx\\sfdx-project.json is not schema valid\nDue to: Validation errors:\nshould have required property 'packageDirectories'","time":"2020-10-07T15:37:09.729Z","v":0}
{"name":"sfdx","hostname":"DESKTOP-LQR7MO2","pid":9548,"log":"SfdxProjectJson","level":40,"msg":"The config file: C:\\Users\\migue\\.sfdx\\sfdx-project.json is not schema valid\nDue to: Validation errors:\nshould have required property 'packageDirectories'","time":"2020-10-07T15:37:09.752Z","v":0}
{"name":"sfdx","hostname":"DESKTOP-LQR7MO2","pid":19600,"log":"SfdxProjectJson","level":40,"msg":"The config file: C:\\Users\\migue\\.sfdx\\sfdx-project.json is not schema valid\nDue to: Validation errors:\nshould have required property 'packageDirectories'","time":"2020-10-07T16:15:52.605Z","v":0}
{"name":"sfdx","hostname":"DESKTOP-LQR7MO2","pid":19600,"log":"SfdxProjectJson","level":40,"msg":"The config file: C:\\Users\\migue\\.sfdx\\sfdx-project.json is not schema valid\nDue to: Validation errors:\nshould have required property 'packageDirectories'","time":"2020-10-07T16:15:52.617Z","v":0}
{"name":"sfdx","hostname":"DESKTOP-LQR7MO2","pid":19600,"log":"SourceDeleteCommand","level":50,"msg":"[\n  'ERROR running force:source:delete: ',\n  'The delete operation failed in the org. Review the error messages below, delete any files locally if needed, and re-run the command if applicable.'\n]","time":"2020-10-07T16:15:52.636Z","v":0}
{"name":"sfdx","hostname":"DESKTOP-LQR7MO2","pid":25932,"log":"SfdxProjectJson","level":40,"msg":"The config file: C:\\Users\\migue\\.sfdx\\sfdx-project.json is not schema valid\nDue to: Validation errors:\nshould have required property 'packageDirectories'","time":"2020-10-07T16:16:28.810Z","v":0}
{"name":"sfdx","hostname":"DESKTOP-LQR7MO2","pid":25932,"log":"SfdxProjectJson","level":40,"msg":"The config file: C:\\Users\\migue\\.sfdx\\sfdx-project.json is not schema valid\nDue to: Validation errors:\nshould have required property 'packageDirectories'","time":"2020-10-07T16:16:28.823Z","v":0}
{"name":"sfdx","hostname":"DESKTOP-LQR7MO2","pid":25932,"log":"SourceDeleteCommand","level":50,"msg":"[\n  'ERROR running force:source:delete: ',\n  'The delete operation failed in the org. Review the error messages below, delete any files locally if needed, and re-run the command if applicable.'\n]","time":"2020-10-07T16:16:28.835Z","v":0}
{"name":"sfdx","hostname":"DESKTOP-LQR7MO2","pid":29608,"log":"SfdxProjectJson","level":40,"msg":"The config file: C:\\Users\\migue\\.sfdx\\sfdx-project.json is not schema valid\nDue to: Validation errors:\nshould have required property 'packageDirectories'","time":"2020-10-07T16:16:45.986Z","v":0}
{"name":"sfdx","hostname":"DESKTOP-LQR7MO2","pid":29608,"log":"SfdxProjectJson","level":40,"msg":"The config file: C:\\Users\\migue\\.sfdx\\sfdx-project.json is not schema valid\nDue to: Validation errors:\nshould have required property 'packageDirectories'","time":"2020-10-07T16:16:45.999Z","v":0}
{"name":"sfdx","hostname":"DESKTOP-LQR7MO2","pid":29608,"log":"SourceDeleteCommand","level":50,"msg":"[\n  'ERROR running force:source:delete: ',\n  'The delete operation failed in the org. Review the error messages below, delete any files locally if needed, and re-run the command if applicable.'\n]","time":"2020-10-07T16:16:46.012Z","v":0}
{"name":"sfdx","hostname":"DESKTOP-LQR7MO2","pid":25044,"log":"SfdxProjectJson","level":40,"msg":"The config file: C:\\Users\\migue\\.sfdx\\sfdx-project.json is not schema valid\nDue to: Validation errors:\nshould have required property 'packageDirectories'","time":"2020-10-07T16:17:46.211Z","v":0}
{"name":"sfdx","hostname":"DESKTOP-LQR7MO2","pid":25044,"log":"SfdxProjectJson","level":40,"msg":"The config file: C:\\Users\\migue\\.sfdx\\sfdx-project.json is not schema valid\nDue to: Validation errors:\nshould have required property 'packageDirectories'","time":"2020-10-07T16:17:46.261Z","v":0}
{"name":"sfdx","hostname":"DESKTOP-LQR7MO2","pid":25044,"log":"SourceDeleteCommand","level":50,"msg":"[\n  'ERROR running force:source:delete: ',\n  'The delete operation failed in the org. Review the error messages below, delete any files locally if needed, and re-run the command if applicable.'\n]","time":"2020-10-07T16:17:46.296Z","v":0}
{"name":"sfdx","hostname":"DESKTOP-LQR7MO2","pid":22936,"level":60,"code":"ERR_INVALID_ARG_TYPE","msg":"","time":"2020-10-07T16:23:04.172Z","v":0}
{"name":"sfdx","hostname":"DESKTOP-LQR7MO2","pid":30488,"log":"SfdxProjectJson","level":40,"msg":"The config file: c:\\Users\\migue\\Documents\\oppKanbanV2\\sfdx-project.json is not schema valid\nDue to: Cannot find module '@salesforce/schemas/sfdx-project.schema.json'\nRequire stack:\n- c:\\Users\\migue\\.vscode\\extensions\\salesforce.salesforcedx-vscode-core-49.13.0\\node_modules\\@salesforce\\core\\lib\\sfdxProject.js\n- c:\\Users\\migue\\.vscode\\extensions\\salesforce.salesforcedx-vscode-core-49.13.0\\node_modules\\@salesforce\\core\\lib\\exported.js\n- c:\\Users\\migue\\.vscode\\extensions\\salesforce.salesforcedx-vscode-core-49.13.0\\node_modules\\@salesforce\\apex-node\\lib\\src\\streaming\\streamingClient.js\n- c:\\Users\\migue\\.vscode\\extensions\\salesforce.salesforcedx-vscode-core-49.13.0\\node_modules\\@salesforce\\apex-node\\lib\\src\\streaming\\index.js\n- c:\\Users\\migue\\.vscode\\extensions\\salesforce.salesforcedx-vscode-core-49.13.0\\node_modules\\@salesforce\\apex-node\\lib\\src\\tests\\testService.js\n- c:\\Users\\migue\\.vscode\\extensions\\salesforce.salesforcedx-vscode-core-49.13.0\\node_modules\\@salesforce\\apex-node\\lib\\src\\tests\\index.js\n- c:\\Users\\migue\\.vscode\\extensions\\salesforce.salesforcedx-vscode-core-49.13.0\\node_modules\\@salesforce\\apex-node\\lib\\src\\index.js\n- c:\\Users\\migue\\.vscode\\extensions\\salesforce.salesforcedx-vscode-core-49.13.0\\out\\src\\commands\\forceApexExecute.js\n- c:\\Users\\migue\\.vscode\\extensions\\salesforce.salesforcedx-vscode-core-49.13.0\\out\\src\\commands\\index.js\n- c:\\Users\\migue\\.vscode\\extensions\\salesforce.salesforcedx-vscode-core-49.13.0\\out\\src\\index.js\n- c:\\Users\\migue\\AppData\\Local\\Programs\\Microsoft VS Code\\resources\\app\\out\\vs\\loader.js\n- c:\\Users\\migue\\AppData\\Local\\Programs\\Microsoft VS Code\\resources\\app\\out\\bootstrap-amd.js\n- c:\\Users\\migue\\AppData\\Local\\Programs\\Microsoft VS Code\\resources\\app\\out\\bootstrap-fork.js","time":"2020-10-08T15:46:09.735Z","v":0}
{"name":"sfdx","hostname":"DESKTOP-LQR7MO2","pid":30488,"level":60,"code":"ERR_INVALID_ARG_TYPE","msg":"","time":"2020-10-08T15:46:13.692Z","v":0}
{"name":"sfdx","hostname":"DESKTOP-LQR7MO2","pid":12176,"log":"SfdxProjectJson","level":40,"msg":"The config file: C:\\Users\\migue\\.sfdx\\sfdx-project.json is not schema valid\nDue to: Validation errors:\nshould have required property 'packageDirectories'","time":"2020-10-08T15:50:38.832Z","v":0}
{"name":"sfdx","hostname":"DESKTOP-LQR7MO2","pid":12176,"log":"SfdxProjectJson","level":40,"msg":"The config file: C:\\Users\\migue\\.sfdx\\sfdx-project.json is not schema valid\nDue to: Validation errors:\nshould have required property 'packageDirectories'","time":"2020-10-08T15:50:38.846Z","v":0}
{"name":"sfdx","hostname":"DESKTOP-LQR7MO2","pid":7780,"level":60,"code":"ERR_INVALID_ARG_TYPE","msg":"","time":"2020-10-12T14:26:05.774Z","v":0}
{"name":"sfdx","hostname":"DESKTOP-LQR7MO2","pid":2300,"level":60,"errno":"EPIPE","code":"EPIPE","syscall":"write","msg":"","time":"2020-10-15T14:16:30.695Z","v":0}
{"name":"sfdx","hostname":"DESKTOP-LQR7MO2","pid":744,"level":60,"code":"ERR_INVALID_ARG_TYPE","msg":"","time":"2020-10-15T16:00:27.701Z","v":0}
{"name":"sfdx","hostname":"DESKTOP-LQR7MO2","pid":2240,"level":60,"code":"ERR_INVALID_ARG_TYPE","msg":"","time":"2020-10-19T12:18:43.977Z","v":0}
{"name":"sfdx","hostname":"DESKTOP-LQR7MO2","pid":11280,"log":"OrgOpenCommand","level":50,"msg":"[\n  'ERROR running force:org:open: ',\n  'Error authenticating with the refresh token due to: inactive organization'\n]","time":"2020-10-19T12:19:06.624Z","v":0}
{"name":"sfdx","hostname":"DESKTOP-LQR7MO2","pid":2216,"level":60,"code":"ERR_INVALID_ARG_TYPE","msg":"","time":"2020-10-19T13:18:57.561Z","v":0}
{"name":"sfdx","hostname":"DESKTOP-LQR7MO2","pid":4372,"log":"SfdxProjectJson","level":40,"msg":"The config file: C:\\Users\\migue\\.sfdx\\sfdx-project.json is not schema valid\nDue to: Validation errors:\nshould have required property 'packageDirectories'","time":"2020-11-11T16:33:56.299Z","v":0}
{"name":"sfdx","hostname":"DESKTOP-LQR7MO2","pid":4372,"log":"SfdxProjectJson","level":40,"msg":"The config file: C:\\Users\\migue\\.sfdx\\sfdx-project.json is not schema valid\nDue to: Validation errors:\nshould have required property 'packageDirectories'","time":"2020-11-11T16:33:56.321Z","v":0}
{"name":"sfdx","hostname":"DESKTOP-LQR7MO2","pid":16852,"log":"TelemetryReporter","level":40,"msg":"Connection to https://dc.services.visualstudio.com timed out after 1000 ms","time":"2020-11-11T16:35:44.812Z","v":0}
{"name":"sfdx","hostname":"DESKTOP-LQR7MO2","pid":11996,"log":"TelemetryReporter","level":40,"msg":"Connection to https://dc.services.visualstudio.com timed out after 1000 ms","time":"2020-11-11T16:35:47.991Z","v":0}
{"name":"sfdx","hostname":"DESKTOP-LQR7MO2","pid":24452,"log":"SfdxProjectJson","level":40,"msg":"The config file: C:\\Users\\migue\\.sfdx\\sfdx-project.json is not schema valid\nDue to: Validation errors:\nshould have required property 'packageDirectories'","time":"2020-11-11T16:36:43.729Z","v":0}
{"name":"sfdx","hostname":"DESKTOP-LQR7MO2","pid":24452,"log":"SfdxProjectJson","level":40,"msg":"The config file: C:\\Users\\migue\\.sfdx\\sfdx-project.json is not schema valid\nDue to: Validation errors:\nshould have required property 'packageDirectories'","time":"2020-11-11T16:36:43.762Z","v":0}
{"name":"sfdx","hostname":"DESKTOP-LQR7MO2","pid":7816,"log":"TelemetryReporter","level":40,"msg":"Connection to https://dc.services.visualstudio.com timed out after 1000 ms","time":"2020-11-11T16:36:52.192Z","v":0}
{"name":"sfdx","hostname":"DESKTOP-LQR7MO2","pid":13692,"log":"SfdxProjectJson","level":40,"msg":"The config file: C:\\Users\\migue\\.sfdx\\sfdx-project.json is not schema valid\nDue to: Validation errors:\nshould have required property 'packageDirectories'","time":"2020-11-11T16:39:46.722Z","v":0}
{"name":"sfdx","hostname":"DESKTOP-LQR7MO2","pid":13692,"log":"SfdxProjectJson","level":40,"msg":"The config file: C:\\Users\\migue\\.sfdx\\sfdx-project.json is not schema valid\nDue to: Validation errors:\nshould have required property 'packageDirectories'","time":"2020-11-11T16:39:46.737Z","v":0}
{"name":"sfdx","hostname":"DESKTOP-LQR7MO2","pid":20896,"log":"TelemetryReporter","level":40,"msg":"Connection to https://dc.services.visualstudio.com timed out after 1000 ms","time":"2020-11-11T16:39:50.430Z","v":0}
{"name":"sfdx","hostname":"DESKTOP-LQR7MO2","pid":10488,"level":60,"code":"ERR_INVALID_ARG_TYPE","msg":"","time":"2020-11-11T16:40:09.003Z","v":0}
{"name":"sfdx","hostname":"DESKTOP-LQR7MO2","pid":10488,"level":60,"code":"ERR_INVALID_ARG_TYPE","msg":"","time":"2020-11-11T16:40:09.015Z","v":0}
{"name":"sfdx","hostname":"DESKTOP-LQR7MO2","pid":10488,"level":60,"code":"ERR_INVALID_ARG_TYPE","msg":"","time":"2020-11-11T16:40:09.016Z","v":0}
{"name":"sfdx","hostname":"DESKTOP-LQR7MO2","pid":23352,"level":60,"code":"ERR_INVALID_ARG_TYPE","msg":"","time":"2020-11-11T16:46:33.170Z","v":0}
{"name":"sfdx","hostname":"DESKTOP-LQR7MO2","pid":23352,"level":60,"code":"ERR_INVALID_ARG_TYPE","msg":"","time":"2020-11-11T16:46:33.173Z","v":0}
{"name":"sfdx","hostname":"DESKTOP-LQR7MO2","pid":23352,"level":60,"code":"ERR_INVALID_ARG_TYPE","msg":"","time":"2020-11-11T16:46:33.175Z","v":0}
{"name":"sfdx","hostname":"DESKTOP-LQR7MO2","pid":22356,"log":"SfdxProjectJson","level":40,"msg":"The config file: C:\\Users\\migue\\.sfdx\\sfdx-project.json is not schema valid\nDue to: Validation errors:\nshould have required property 'packageDirectories'","time":"2020-11-11T16:49:20.255Z","v":0}
{"name":"sfdx","hostname":"DESKTOP-LQR7MO2","pid":22356,"log":"SfdxProjectJson","level":40,"msg":"The config file: C:\\Users\\migue\\.sfdx\\sfdx-project.json is not schema valid\nDue to: Validation errors:\nshould have required property 'packageDirectories'","time":"2020-11-11T16:49:20.274Z","v":0}
{"name":"sfdx","hostname":"DESKTOP-LQR7MO2","pid":25380,"level":60,"code":"ERR_INVALID_ARG_TYPE","msg":"","time":"2020-11-11T16:50:42.187Z","v":0}
{"name":"sfdx","hostname":"DESKTOP-LQR7MO2","pid":25380,"level":60,"code":"ERR_INVALID_ARG_TYPE","msg":"","time":"2020-11-11T16:50:42.190Z","v":0}
{"name":"sfdx","hostname":"DESKTOP-LQR7MO2","pid":25380,"level":60,"code":"ERR_INVALID_ARG_TYPE","msg":"","time":"2020-11-11T16:50:42.191Z","v":0}
{"name":"sfdx","hostname":"DESKTOP-LQR7MO2","pid":23828,"level":60,"code":"ERR_INVALID_ARG_TYPE","msg":"","time":"2020-11-11T16:54:37.548Z","v":0}
{"name":"sfdx","hostname":"DESKTOP-LQR7MO2","pid":23828,"level":60,"code":"ERR_INVALID_ARG_TYPE","msg":"","time":"2020-11-11T16:54:37.553Z","v":0}
{"name":"sfdx","hostname":"DESKTOP-LQR7MO2","pid":23828,"level":60,"code":"ERR_INVALID_ARG_TYPE","msg":"","time":"2020-11-11T16:54:37.555Z","v":0}
{"name":"sfdx","hostname":"DESKTOP-LQR7MO2","pid":7300,"log":"SfdxProjectJson","level":40,"msg":"The config file: C:\\Users\\migue\\.sfdx\\sfdx-project.json is not schema valid\nDue to: Validation errors:\nshould have required property 'packageDirectories'","time":"2020-11-11T16:55:28.369Z","v":0}
{"name":"sfdx","hostname":"DESKTOP-LQR7MO2","pid":7300,"log":"SfdxProjectJson","level":40,"msg":"The config file: C:\\Users\\migue\\.sfdx\\sfdx-project.json is not schema valid\nDue to: Validation errors:\nshould have required property 'packageDirectories'","time":"2020-11-11T16:55:28.385Z","v":0}
{"name":"sfdx","hostname":"DESKTOP-LQR7MO2","pid":11948,"log":"TelemetryReporter","level":40,"msg":"Connection to https://dc.services.visualstudio.com timed out after 1000 ms","time":"2020-11-11T17:04:07.376Z","v":0}
{"name":"sfdx","hostname":"DESKTOP-LQR7MO2","pid":18616,"log":"SfdxProjectJson","level":40,"msg":"The config file: C:\\Users\\migue\\.sfdx\\sfdx-project.json is not schema valid\nDue to: Validation errors:\nshould have required property 'packageDirectories'","time":"2020-11-11T17:10:28.701Z","v":0}
{"name":"sfdx","hostname":"DESKTOP-LQR7MO2","pid":18616,"log":"SfdxProjectJson","level":40,"msg":"The config file: C:\\Users\\migue\\.sfdx\\sfdx-project.json is not schema valid\nDue to: Validation errors:\nshould have required property 'packageDirectories'","time":"2020-11-11T17:10:28.718Z","v":0}
{"name":"sfdx","hostname":"DESKTOP-LQR7MO2","pid":3896,"log":"TelemetryReporter","level":40,"msg":"Connection to https://dc.services.visualstudio.com timed out after 1000 ms","time":"2020-11-25T14:24:37.144Z","v":0}
{"name":"sfdx","hostname":"DESKTOP-LQR7MO2","pid":1828,"level":60,"code":"ERR_INVALID_ARG_TYPE","msg":"","time":"2020-11-25T14:29:13.736Z","v":0}
{"name":"sfdx","hostname":"DESKTOP-LQR7MO2","pid":1828,"level":60,"code":"ERR_INVALID_ARG_TYPE","msg":"","time":"2020-11-25T14:29:13.738Z","v":0}
{"name":"sfdx","hostname":"DESKTOP-LQR7MO2","pid":1828,"level":60,"code":"ERR_INVALID_ARG_TYPE","msg":"","time":"2020-11-25T14:29:13.739Z","v":0}
{"name":"sfdx","hostname":"DESKTOP-LQR7MO2","pid":11080,"log":"SfdxProjectJson","level":40,"msg":"The config file: C:\\Users\\migue\\.sfdx\\sfdx-project.json is not schema valid\nDue to: Validation errors:\nshould have required property 'packageDirectories'","time":"2020-11-25T16:29:59.868Z","v":0}
{"name":"sfdx","hostname":"DESKTOP-LQR7MO2","pid":11080,"log":"SfdxProjectJson","level":40,"msg":"The config file: C:\\Users\\migue\\.sfdx\\sfdx-project.json is not schema valid\nDue to: Validation errors:\nshould have required property 'packageDirectories'","time":"2020-11-25T16:29:59.873Z","v":0}
{"name":"sfdx","hostname":"DESKTOP-LQR7MO2","pid":11080,"log":"SourceRetrieveCommand","level":50,"msg":"[\n  'ERROR running force:source:retrieve: ',\n  'WARNING: Infinite loop detected.'\n]","time":"2020-11-25T16:29:59.880Z","v":0}
{"name":"sfdx","hostname":"DESKTOP-LQR7MO2","pid":9512,"log":"TelemetryReporter","level":40,"msg":"Connection to https://dc.services.visualstudio.com timed out after 1000 ms","time":"2020-11-25T16:31:33.443Z","v":0}
{"name":"sfdx","hostname":"DESKTOP-LQR7MO2","pid":3928,"log":"TelemetryReporter","level":40,"msg":"Connection to https://dc.services.visualstudio.com timed out after 1000 ms","time":"2020-11-25T16:31:47.823Z","v":0}
{"name":"sfdx","hostname":"DESKTOP-LQR7MO2","pid":2032,"log":"TelemetryReporter","level":40,"msg":"Connection to https://dc.services.visualstudio.com timed out after 1000 ms","time":"2020-11-25T16:32:59.521Z","v":0}
{"name":"sfdx","hostname":"DESKTOP-LQR7MO2","pid":18576,"level":60,"code":"ERR_INVALID_ARG_TYPE","msg":"","time":"2020-11-25T16:35:58.460Z","v":0}
{"name":"sfdx","hostname":"DESKTOP-LQR7MO2","pid":18576,"level":60,"code":"ERR_INVALID_ARG_TYPE","msg":"","time":"2020-11-25T16:35:58.463Z","v":0}
{"name":"sfdx","hostname":"DESKTOP-LQR7MO2","pid":18576,"level":60,"code":"ERR_INVALID_ARG_TYPE","msg":"","time":"2020-11-25T16:35:58.466Z","v":0}
{"name":"sfdx","hostname":"DESKTOP-LQR7MO2","pid":20200,"level":60,"code":"ERR_INVALID_ARG_TYPE","msg":"","time":"2020-11-25T16:41:00.924Z","v":0}
{"name":"sfdx","hostname":"DESKTOP-LQR7MO2","pid":20200,"level":60,"code":"ERR_INVALID_ARG_TYPE","msg":"","time":"2020-11-25T16:41:00.926Z","v":0}
{"name":"sfdx","hostname":"DESKTOP-LQR7MO2","pid":20200,"level":60,"code":"ERR_INVALID_ARG_TYPE","msg":"","time":"2020-11-25T16:41:00.927Z","v":0}
{"name":"sfdx","hostname":"DESKTOP-LQR7MO2","pid":5040,"level":60,"code":"ERR_INVALID_ARG_TYPE","msg":"","time":"2020-11-25T16:42:34.747Z","v":0}
{"name":"sfdx","hostname":"DESKTOP-LQR7MO2","pid":5040,"level":60,"code":"ERR_INVALID_ARG_TYPE","msg":"","time":"2020-11-25T16:42:34.749Z","v":0}
{"name":"sfdx","hostname":"DESKTOP-LQR7MO2","pid":5040,"level":60,"code":"ERR_INVALID_ARG_TYPE","msg":"","time":"2020-11-25T16:42:34.751Z","v":0}
{"name":"sfdx","hostname":"DESKTOP-LQR7MO2","pid":16868,"log":"TelemetryReporter","level":40,"msg":"Connection to https://dc.services.visualstudio.com timed out after 1000 ms","time":"2020-11-26T19:40:32.345Z","v":0}
{"name":"sfdx","hostname":"DESKTOP-LQR7MO2","pid":1232,"log":"TelemetryReporter","level":40,"msg":"Connection to https://dc.services.visualstudio.com timed out after 1000 ms","time":"2020-11-26T19:47:42.654Z","v":0}
{"name":"sfdx","hostname":"DESKTOP-LQR7MO2","pid":12532,"level":60,"code":"ERR_INVALID_ARG_TYPE","msg":"","time":"2020-11-26T19:48:45.047Z","v":0}
{"name":"sfdx","hostname":"DESKTOP-LQR7MO2","pid":12532,"level":60,"code":"ERR_INVALID_ARG_TYPE","msg":"","time":"2020-11-26T19:48:45.051Z","v":0}
{"name":"sfdx","hostname":"DESKTOP-LQR7MO2","pid":12532,"level":60,"code":"ERR_INVALID_ARG_TYPE","msg":"","time":"2020-11-26T19:48:45.053Z","v":0}
{"name":"sfdx","hostname":"DESKTOP-LQR7MO2","pid":776,"log":"TelemetryReporter","level":40,"msg":"Connection to https://dc.services.visualstudio.com timed out after 1000 ms","time":"2020-12-03T13:14:56.502Z","v":0}
{"name":"sfdx","hostname":"DESKTOP-LQR7MO2","pid":3040,"level":60,"code":"ERR_INVALID_ARG_TYPE","msg":"","time":"2020-12-03T13:16:53.229Z","v":0}
{"name":"sfdx","hostname":"DESKTOP-LQR7MO2","pid":3040,"level":60,"code":"ERR_INVALID_ARG_TYPE","msg":"","time":"2020-12-03T13:16:53.232Z","v":0}
{"name":"sfdx","hostname":"DESKTOP-LQR7MO2","pid":3040,"level":60,"code":"ERR_INVALID_ARG_TYPE","msg":"","time":"2020-12-03T13:16:53.234Z","v":0}
{"name":"sfdx","hostname":"DESKTOP-LQR7MO2","pid":996,"log":"SfdxProjectJson","level":40,"msg":"The config file: C:\\Users\\migue\\.sfdx\\sfdx-project.json is not schema valid\nDue to: Validation errors:\nshould have required property 'packageDirectories'","time":"2020-12-03T13:28:54.198Z","v":0}
{"name":"sfdx","hostname":"DESKTOP-LQR7MO2","pid":996,"log":"SfdxProjectJson","level":40,"msg":"The config file: C:\\Users\\migue\\.sfdx\\sfdx-project.json is not schema valid\nDue to: Validation errors:\nshould have required property 'packageDirectories'","time":"2020-12-03T13:28:54.203Z","v":0}
{"name":"sfdx","hostname":"DESKTOP-LQR7MO2","pid":7612,"log":"SfdxProjectJson","level":40,"msg":"The config file: C:\\Users\\migue\\.sfdx\\sfdx-project.json is not schema valid\nDue to: Validation errors:\nshould have required property 'packageDirectories'","time":"2020-12-03T13:34:22.614Z","v":0}
{"name":"sfdx","hostname":"DESKTOP-LQR7MO2","pid":7612,"log":"SfdxProjectJson","level":40,"msg":"The config file: C:\\Users\\migue\\.sfdx\\sfdx-project.json is not schema valid\nDue to: Validation errors:\nshould have required property 'packageDirectories'","time":"2020-12-03T13:34:22.622Z","v":0}
{"name":"sfdx","hostname":"DESKTOP-LQR7MO2","pid":9852,"log":"SfdxProjectJson","level":40,"msg":"The config file: C:\\Users\\migue\\.sfdx\\sfdx-project.json is not schema valid\nDue to: Validation errors:\nshould have required property 'packageDirectories'","time":"2020-12-03T13:55:32.805Z","v":0}
{"name":"sfdx","hostname":"DESKTOP-LQR7MO2","pid":9852,"log":"SfdxProjectJson","level":40,"msg":"The config file: C:\\Users\\migue\\.sfdx\\sfdx-project.json is not schema valid\nDue to: Validation errors:\nshould have required property 'packageDirectories'","time":"2020-12-03T13:55:32.813Z","v":0}
{"name":"sfdx","hostname":"DESKTOP-LQR7MO2","pid":8284,"log":"SfdxProjectJson","level":40,"msg":"The config file: C:\\Users\\migue\\.sfdx\\sfdx-project.json is not schema valid\nDue to: Validation errors:\nshould have required property 'packageDirectories'","time":"2020-12-03T13:58:28.894Z","v":0}
{"name":"sfdx","hostname":"DESKTOP-LQR7MO2","pid":8284,"log":"SfdxProjectJson","level":40,"msg":"The config file: C:\\Users\\migue\\.sfdx\\sfdx-project.json is not schema valid\nDue to: Validation errors:\nshould have required property 'packageDirectories'","time":"2020-12-03T13:58:28.908Z","v":0}
{"name":"sfdx","hostname":"DESKTOP-LQR7MO2","pid":6272,"log":"SfdxProjectJson","level":40,"msg":"The config file: C:\\Users\\migue\\.sfdx\\sfdx-project.json is not schema valid\nDue to: Validation errors:\nshould have required property 'packageDirectories'","time":"2020-12-03T14:11:30.138Z","v":0}
{"name":"sfdx","hostname":"DESKTOP-LQR7MO2","pid":6272,"log":"SfdxProjectJson","level":40,"msg":"The config file: C:\\Users\\migue\\.sfdx\\sfdx-project.json is not schema valid\nDue to: Validation errors:\nshould have required property 'packageDirectories'","time":"2020-12-03T14:11:30.145Z","v":0}
{"name":"sfdx","hostname":"DESKTOP-LQR7MO2","pid":3216,"log":"TelemetryReporter","level":40,"msg":"Connection to https://dc.services.visualstudio.com timed out after 1000 ms","time":"2020-12-03T14:19:16.211Z","v":0}
{"name":"sfdx","hostname":"DESKTOP-LQR7MO2","pid":8896,"log":"SfdxProjectJson","level":40,"msg":"The config file: C:\\Users\\migue\\.sfdx\\sfdx-project.json is not schema valid\nDue to: Validation errors:\nshould have required property 'packageDirectories'","time":"2020-12-03T15:16:30.444Z","v":0}
{"name":"sfdx","hostname":"DESKTOP-LQR7MO2","pid":8896,"log":"SfdxProjectJson","level":40,"msg":"The config file: C:\\Users\\migue\\.sfdx\\sfdx-project.json is not schema valid\nDue to: Validation errors:\nshould have required property 'packageDirectories'","time":"2020-12-03T15:16:30.451Z","v":0}
{"name":"sfdx","hostname":"DESKTOP-LQR7MO2","pid":11560,"log":"TelemetryReporter","level":40,"msg":"Connection to https://dc.services.visualstudio.com timed out after 1000 ms","time":"2020-12-03T15:39:17.237Z","v":0}
{"name":"sfdx","hostname":"DESKTOP-LQR7MO2","pid":6624,"log":"SfdxProjectJson","level":40,"msg":"The config file: C:\\Users\\migue\\.sfdx\\sfdx-project.json is not schema valid\nDue to: Validation errors:\nshould have required property 'packageDirectories'","time":"2020-12-03T16:44:37.810Z","v":0}
{"name":"sfdx","hostname":"DESKTOP-LQR7MO2","pid":6624,"log":"SfdxProjectJson","level":40,"msg":"The config file: C:\\Users\\migue\\.sfdx\\sfdx-project.json is not schema valid\nDue to: Validation errors:\nshould have required property 'packageDirectories'","time":"2020-12-03T16:44:37.819Z","v":0}
{"name":"sfdx","hostname":"DESKTOP-LQR7MO2","pid":4916,"log":"TelemetryReporter","level":40,"msg":"Connection to https://dc.services.visualstudio.com timed out after 1000 ms","time":"2020-12-03T16:49:24.173Z","v":0}
{"name":"sfdx","hostname":"DESKTOP-LQR7MO2","pid":12716,"log":"SfdxProjectJson","level":40,"msg":"The config file: C:\\Users\\migue\\.sfdx\\sfdx-project.json is not schema valid\nDue to: Validation errors:\nshould have required property 'packageDirectories'","time":"2020-12-03T16:52:23.234Z","v":0}
{"name":"sfdx","hostname":"DESKTOP-LQR7MO2","pid":12716,"log":"SfdxProjectJson","level":40,"msg":"The config file: C:\\Users\\migue\\.sfdx\\sfdx-project.json is not schema valid\nDue to: Validation errors:\nshould have required property 'packageDirectories'","time":"2020-12-03T16:52:23.250Z","v":0}
{"name":"sfdx","hostname":"DESKTOP-LQR7MO2","pid":9348,"log":"SfdxProjectJson","level":40,"msg":"The config file: C:\\Users\\migue\\.sfdx\\sfdx-project.json is not schema valid\nDue to: Validation errors:\nshould have required property 'packageDirectories'","time":"2020-12-03T18:02:20.348Z","v":0}
{"name":"sfdx","hostname":"DESKTOP-LQR7MO2","pid":9348,"log":"SfdxProjectJson","level":40,"msg":"The config file: C:\\Users\\migue\\.sfdx\\sfdx-project.json is not schema valid\nDue to: Validation errors:\nshould have required property 'packageDirectories'","time":"2020-12-03T18:02:20.356Z","v":0}
{"name":"sfdx","hostname":"DESKTOP-LQR7MO2","pid":8284,"log":"TelemetryReporter","level":40,"msg":"Connection to https://dc.services.visualstudio.com timed out after 1000 ms","time":"2020-12-03T18:02:21.774Z","v":0}
{"name":"sfdx","hostname":"DESKTOP-LQR7MO2","pid":14380,"log":"TelemetryReporter","level":40,"msg":"Connection to https://dc.services.visualstudio.com timed out after 1000 ms","time":"2020-12-03T18:04:13.128Z","v":0}
{"name":"sfdx","hostname":"DESKTOP-LQR7MO2","pid":14952,"log":"TelemetryReporter","level":40,"msg":"Connection to https://dc.services.visualstudio.com timed out after 1000 ms","time":"2020-12-03T20:42:33.458Z","v":0}
{"name":"sfdx","hostname":"DESKTOP-LQR7MO2","pid":11984,"log":"TelemetryReporter","level":40,"msg":"Connection to https://dc.services.visualstudio.com timed out after 1000 ms","time":"2020-12-03T20:50:59.702Z","v":0}
{"name":"sfdx","hostname":"DESKTOP-LQR7MO2","pid":9840,"log":"SfdxProjectJson","level":40,"msg":"The config file: C:\\Users\\migue\\.sfdx\\sfdx-project.json is not schema valid\nDue to: Validation errors:\nshould have required property 'packageDirectories'","time":"2020-12-03T20:53:32.725Z","v":0}
{"name":"sfdx","hostname":"DESKTOP-LQR7MO2","pid":9840,"log":"SfdxProjectJson","level":40,"msg":"The config file: C:\\Users\\migue\\.sfdx\\sfdx-project.json is not schema valid\nDue to: Validation errors:\nshould have required property 'packageDirectories'","time":"2020-12-03T20:53:32.736Z","v":0}
{"name":"sfdx","hostname":"DESKTOP-LQR7MO2","pid":10468,"log":"TelemetryReporter","level":40,"msg":"Connection to https://dc.services.visualstudio.com timed out after 1000 ms","time":"2020-12-03T20:54:22.552Z","v":0}
{"name":"sfdx","hostname":"DESKTOP-LQR7MO2","pid":6668,"log":"TelemetryReporter","level":40,"msg":"Connection to https://dc.services.visualstudio.com timed out after 1000 ms","time":"2020-12-03T21:11:59.915Z","v":0}
{"name":"sfdx","hostname":"DESKTOP-LQR7MO2","pid":5240,"log":"TelemetryReporter","level":40,"msg":"Connection to https://dc.services.visualstudio.com timed out after 1000 ms","time":"2020-12-03T21:13:12.638Z","v":0}
{"name":"sfdx","hostname":"DESKTOP-LQR7MO2","pid":16016,"log":"TelemetryReporter","level":40,"msg":"Connection to https://dc.services.visualstudio.com timed out after 1000 ms","time":"2020-12-04T16:06:35.213Z","v":0}
{"name":"sfdx","hostname":"DESKTOP-LQR7MO2","pid":12788,"log":"TelemetryReporter","level":40,"msg":"Connection to https://dc.services.visualstudio.com timed out after 1000 ms","time":"2020-12-04T16:16:10.296Z","v":0}
{"name":"sfdx","hostname":"DESKTOP-LQR7MO2","pid":4584,"log":"TelemetryReporter","level":40,"msg":"Connection to https://dc.services.visualstudio.com timed out after 1000 ms","time":"2020-12-04T16:20:40.510Z","v":0}
{"name":"sfdx","hostname":"DESKTOP-LQR7MO2","pid":8420,"log":"TelemetryReporter","level":40,"msg":"Connection to https://dc.services.visualstudio.com timed out after 1000 ms","time":"2020-12-04T16:21:11.998Z","v":0}
{"name":"sfdx","hostname":"DESKTOP-LQR7MO2","pid":11504,"log":"TelemetryReporter","level":40,"msg":"Connection to https://dc.services.visualstudio.com timed out after 1000 ms","time":"2020-12-04T16:32:22.876Z","v":0}
{"name":"sfdx","hostname":"DESKTOP-LQR7MO2","pid":12320,"log":"SfdxProjectJson","level":40,"msg":"The config file: C:\\Users\\migue\\.sfdx\\sfdx-project.json is not schema valid\nDue to: Validation errors:\nshould have required property 'packageDirectories'","time":"2020-12-04T16:40:49.844Z","v":0}
{"name":"sfdx","hostname":"DESKTOP-LQR7MO2","pid":12320,"log":"SfdxProjectJson","level":40,"msg":"The config file: C:\\Users\\migue\\.sfdx\\sfdx-project.json is not schema valid\nDue to: Validation errors:\nshould have required property 'packageDirectories'","time":"2020-12-04T16:40:49.851Z","v":0}
{"name":"sfdx","hostname":"DESKTOP-LQR7MO2","pid":1756,"log":"SfdxProjectJson","level":40,"msg":"The config file: C:\\Users\\migue\\.sfdx\\sfdx-project.json is not schema valid\nDue to: Validation errors:\nshould have required property 'packageDirectories'","time":"2020-12-04T16:45:17.851Z","v":0}
{"name":"sfdx","hostname":"DESKTOP-LQR7MO2","pid":1756,"log":"SfdxProjectJson","level":40,"msg":"The config file: C:\\Users\\migue\\.sfdx\\sfdx-project.json is not schema valid\nDue to: Validation errors:\nshould have required property 'packageDirectories'","time":"2020-12-04T16:45:17.867Z","v":0}
{"name":"sfdx","hostname":"DESKTOP-LQR7MO2","pid":4568,"log":"SfdxProjectJson","level":40,"msg":"The config file: C:\\Users\\migue\\.sfdx\\sfdx-project.json is not schema valid\nDue to: Validation errors:\nshould have required property 'packageDirectories'","time":"2020-12-04T16:46:14.155Z","v":0}
{"name":"sfdx","hostname":"DESKTOP-LQR7MO2","pid":4568,"log":"SfdxProjectJson","level":40,"msg":"The config file: C:\\Users\\migue\\.sfdx\\sfdx-project.json is not schema valid\nDue to: Validation errors:\nshould have required property 'packageDirectories'","time":"2020-12-04T16:46:14.170Z","v":0}
{"name":"sfdx","hostname":"DESKTOP-LQR7MO2","pid":12732,"log":"TelemetryReporter","level":40,"msg":"Connection to https://dc.services.visualstudio.com timed out after 1000 ms","time":"2020-12-04T16:47:47.509Z","v":0}
{"name":"sfdx","hostname":"DESKTOP-LQR7MO2","pid":9616,"log":"TelemetryReporter","level":40,"msg":"Connection to https://dc.services.visualstudio.com timed out after 1000 ms","time":"2020-12-04T16:52:00.185Z","v":0}
{"name":"sfdx","hostname":"DESKTOP-LQR7MO2","pid":6008,"log":"SfdxProjectJson","level":40,"msg":"The config file: C:\\Users\\migue\\.sfdx\\sfdx-project.json is not schema valid\nDue to: Validation errors:\nshould have required property 'packageDirectories'","time":"2020-12-04T16:54:51.299Z","v":0}
{"name":"sfdx","hostname":"DESKTOP-LQR7MO2","pid":6008,"log":"SfdxProjectJson","level":40,"msg":"The config file: C:\\Users\\migue\\.sfdx\\sfdx-project.json is not schema valid\nDue to: Validation errors:\nshould have required property 'packageDirectories'","time":"2020-12-04T16:54:51.308Z","v":0}
{"name":"sfdx","hostname":"DESKTOP-LQR7MO2","pid":6152,"log":"TelemetryReporter","level":40,"msg":"Connection to https://dc.services.visualstudio.com timed out after 1000 ms","time":"2020-12-04T16:55:32.686Z","v":0}
{"name":"sfdx","hostname":"DESKTOP-LQR7MO2","pid":14108,"log":"TelemetryReporter","level":40,"msg":"Connection to https://dc.services.visualstudio.com timed out after 1000 ms","time":"2020-12-07T12:51:41.434Z","v":0}
{"name":"sfdx","hostname":"DESKTOP-LQR7MO2","pid":10984,"log":"TelemetryReporter","level":40,"msg":"Connection to https://dc.services.visualstudio.com timed out after 1000 ms","time":"2020-12-07T12:54:48.433Z","v":0}
{"name":"sfdx","hostname":"DESKTOP-LQR7MO2","pid":7036,"log":"TelemetryReporter","level":40,"msg":"Connection to https://dc.services.visualstudio.com timed out after 1000 ms","time":"2020-12-07T13:47:02.615Z","v":0}
{"name":"sfdx","hostname":"DESKTOP-LQR7MO2","pid":10776,"log":"TelemetryReporter","level":40,"msg":"Connection to https://dc.services.visualstudio.com timed out after 1000 ms","time":"2020-12-17T15:43:48.701Z","v":0}
