00:00:00.206239 VirtualBox GUI VM Selector Window 6.1.14 r140239 win.amd64 (Sep  4 2020 08:29:36) release log
00:00:00.206243 Log opened 2020-09-22T22:29:22.777044800Z
00:00:00.206244 Build Type: release
00:00:00.206251 OS Product: Windows 10
00:00:00.206252 OS Release: 10.0.18363
00:00:00.206253 OS Service Pack: 
00:00:00.409046 DMI Product Name: Surface Laptop 2
00:00:00.425104 DMI Product Version: 124000000000000000000000D:F B:0CA56309 F:U C:0A P:C1 S:01 
00:00:00.425144 Firmware type: UEFI
00:00:00.426208 Secure Boot: VERR_PRIVILEGE_NOT_HELD
00:00:00.426282 Host RAM: 8113MB (7.9GB) total, 4029MB (3.9GB) available
00:00:00.426298 Executable: C:\Program Files\Oracle\VirtualBox\VirtualBox.exe
00:00:00.426300 Process ID: 12048
00:00:00.426302 Package type: WINDOWS_64BITS_GENERIC
00:00:00.426583 Qt version: 5.6.2
00:00:00.469697 GUI: UIMediumEnumerator: Medium-enumeration started...
00:00:01.389299 GUI: UIMediumEnumerator: Medium-enumeration finished!
00:01:43.450962 GUI: UIMediumEnumerator: Medium-enumeration finished!
00:02:00.741121 GUI: UIMediumEnumerator: Medium-enumeration finished!
00:02:19.713198 GUI: UIMediumEnumerator: Medium-enumeration finished!
00:12:20.173903 GUI: UIMediumEnumerator: Medium with key={{fea66eb2-aa88-44f5-a271-bf372e77af5f}} created
00:12:20.247898 GUI: UIMediumEnumerator: Medium-enumeration finished!
00:12:28.730599 GUI: UIMediumEnumerator: Medium-enumeration finished!
00:12:28.978198 GUI: UIMediumEnumerator: Medium-enumeration finished!
00:12:29.005365 GUI: UIMediumEnumerator: Medium-enumeration finished!
00:13:37.421253 GUI: UIMediumEnumerator: Medium-enumeration finished!
00:13:37.437653 GUI: UIMediumEnumerator: Medium-enumeration finished!
00:26:25.053821 GUI: UIMediumEnumerator: Medium-enumeration started...
00:26:25.067175 GUI: UIMediumEnumerator: Medium-enumeration finished!
